Start testing: Mar 15 18:27 IST
----------------------------------------------------------
1/80 Testing: cartographer.common.configuration_files_test
1/80 Test: cartographer.common.configuration_files_test
Command: "/home/tolasing/ros2_ws/build/cartographer.common.configuration_files_test"
Directory: /home/tolasing/ros2_ws/build
"cartographer.common.configuration_files_test" start time: Mar 15 18:27 IST
Output:
----------------------------------------------------------
Running main() from gmock_main.cc
[==========] Running 2 tests from 1 test suite.
[----------] Global test environment set-up.
[----------] 2 tests from ConfigurationFilesTest
[ RUN      ] ConfigurationFilesTest.ValidateMapBuilderOptions
WARNING: Logging before InitGoogleLogging() is written to STDERR
I0315 18:27:12.481014 77041 configuration_file_resolver.cc:41] Found '/home/tolasing/ros2_ws/src/cartographer/configuration_files/map_builder.lua' for 'map_builder.lua'.
I0315 18:27:12.481120 77041 configuration_file_resolver.cc:41] Found '/home/tolasing/ros2_ws/src/cartographer/configuration_files/map_builder.lua' for 'map_builder.lua'.
I0315 18:27:12.481303 77041 configuration_file_resolver.cc:41] Found '/home/tolasing/ros2_ws/src/cartographer/configuration_files/pose_graph.lua' for 'pose_graph.lua'.
I0315 18:27:12.481320 77041 configuration_file_resolver.cc:41] Found '/home/tolasing/ros2_ws/src/cartographer/configuration_files/pose_graph.lua' for 'pose_graph.lua'.
[       OK ] ConfigurationFilesTest.ValidateMapBuilderOptions (1 ms)
[ RUN      ] ConfigurationFilesTest.ValidateTrajectoryBuilderOptions
I0315 18:27:12.481845 77041 configuration_file_resolver.cc:41] Found '/home/tolasing/ros2_ws/src/cartographer/configuration_files/trajectory_builder.lua' for 'trajectory_builder.lua'.
I0315 18:27:12.481863 77041 configuration_file_resolver.cc:41] Found '/home/tolasing/ros2_ws/src/cartographer/configuration_files/trajectory_builder.lua' for 'trajectory_builder.lua'.
I0315 18:27:12.482012 77041 configuration_file_resolver.cc:41] Found '/home/tolasing/ros2_ws/src/cartographer/configuration_files/trajectory_builder_2d.lua' for 'trajectory_builder_2d.lua'.
I0315 18:27:12.482028 77041 configuration_file_resolver.cc:41] Found '/home/tolasing/ros2_ws/src/cartographer/configuration_files/trajectory_builder_2d.lua' for 'trajectory_builder_2d.lua'.
I0315 18:27:12.482291 77041 configuration_file_resolver.cc:41] Found '/home/tolasing/ros2_ws/src/cartographer/configuration_files/trajectory_builder_3d.lua' for 'trajectory_builder_3d.lua'.
I0315 18:27:12.482309 77041 configuration_file_resolver.cc:41] Found '/home/tolasing/ros2_ws/src/cartographer/configuration_files/trajectory_builder_3d.lua' for 'trajectory_builder_3d.lua'.
[       OK ] ConfigurationFilesTest.ValidateTrajectoryBuilderOptions (1 ms)
[----------] 2 tests from ConfigurationFilesTest (3 ms total)

[----------] Global test environment tear-down
[==========] 2 tests from 1 test suite ran. (3 ms total)
[  PASSED  ] 2 tests.
<end of output>
Test time =   0.02 sec
----------------------------------------------------------
Test Passed.
"cartographer.common.configuration_files_test" end time: Mar 15 18:27 IST
"cartographer.common.configuration_files_test" time elapsed: 00:00:00
----------------------------------------------------------

2/80 Testing: cartographer.common.fixed_ratio_sampler_test
2/80 Test: cartographer.common.fixed_ratio_sampler_test
Command: "/home/tolasing/ros2_ws/build/cartographer.common.fixed_ratio_sampler_test"
Directory: /home/tolasing/ros2_ws/build
"cartographer.common.fixed_ratio_sampler_test" start time: Mar 15 18:27 IST
Output:
----------------------------------------------------------
Running main() from gmock_main.cc
[==========] Running 5 tests from 1 test suite.
[----------] Global test environment set-up.
[----------] 5 tests from FixedRatioSamplerTest
[ RUN      ] FixedRatioSamplerTest.AlwaysTrue
[       OK ] FixedRatioSamplerTest.AlwaysTrue (0 ms)
[ RUN      ] FixedRatioSamplerTest.AlwaysFalse
WARNING: Logging before InitGoogleLogging() is written to STDERR
W0315 18:27:12.491144 77042 fixed_ratio_sampler.cc:26] FixedRatioSampler is dropping all data.
[       OK ] FixedRatioSamplerTest.AlwaysFalse (0 ms)
[ RUN      ] FixedRatioSamplerTest.NonSensicalRatio
[       OK ] FixedRatioSamplerTest.NonSensicalRatio (262 ms)
[ RUN      ] FixedRatioSamplerTest.SometimesTrue
[       OK ] FixedRatioSamplerTest.SometimesTrue (0 ms)
[ RUN      ] FixedRatioSamplerTest.FirstPulseIsTrue
[       OK ] FixedRatioSamplerTest.FirstPulseIsTrue (0 ms)
[----------] 5 tests from FixedRatioSamplerTest (262 ms total)

[----------] Global test environment tear-down
[==========] 5 tests from 1 test suite ran. (262 ms total)
[  PASSED  ] 5 tests.
<end of output>
Test time =   0.27 sec
----------------------------------------------------------
Test Passed.
"cartographer.common.fixed_ratio_sampler_test" end time: Mar 15 18:27 IST
"cartographer.common.fixed_ratio_sampler_test" time elapsed: 00:00:00
----------------------------------------------------------

3/80 Testing: cartographer.common.internal.blocking_queue_test
3/80 Test: cartographer.common.internal.blocking_queue_test
Command: "/home/tolasing/ros2_ws/build/cartographer.common.internal.blocking_queue_test"
Directory: /home/tolasing/ros2_ws/build
"cartographer.common.internal.blocking_queue_test" start time: Mar 15 18:27 IST
Output:
----------------------------------------------------------
Running main() from gmock_main.cc
[==========] Running 7 tests from 1 test suite.
[----------] Global test environment set-up.
[----------] 7 tests from BlockingQueueTest
[ RUN      ] BlockingQueueTest.testPushPeekPop
[       OK ] BlockingQueueTest.testPushPeekPop (0 ms)
[ RUN      ] BlockingQueueTest.testPushPopSharedPtr
[       OK ] BlockingQueueTest.testPushPopSharedPtr (0 ms)
[ RUN      ] BlockingQueueTest.testPopWithTimeout
[       OK ] BlockingQueueTest.testPopWithTimeout (150 ms)
[ RUN      ] BlockingQueueTest.testPushWithTimeout
[       OK ] BlockingQueueTest.testPushWithTimeout (150 ms)
[ RUN      ] BlockingQueueTest.testPushWithTimeoutInfinteQueue
[       OK ] BlockingQueueTest.testPushWithTimeoutInfinteQueue (0 ms)
[ RUN      ] BlockingQueueTest.testBlockingPop
[       OK ] BlockingQueueTest.testBlockingPop (100 ms)
[ RUN      ] BlockingQueueTest.testBlockingPopWithTimeout
[       OK ] BlockingQueueTest.testBlockingPopWithTimeout (100 ms)
[----------] 7 tests from BlockingQueueTest (500 ms total)

[----------] Global test environment tear-down
[==========] 7 tests from 1 test suite ran. (501 ms total)
[  PASSED  ] 7 tests.
<end of output>
Test time =   0.51 sec
----------------------------------------------------------
Test Passed.
"cartographer.common.internal.blocking_queue_test" end time: Mar 15 18:27 IST
"cartographer.common.internal.blocking_queue_test" time elapsed: 00:00:00
----------------------------------------------------------

4/80 Testing: cartographer.common.internal.rate_timer_test
4/80 Test: cartographer.common.internal.rate_timer_test
Command: "/home/tolasing/ros2_ws/build/cartographer.common.internal.rate_timer_test"
Directory: /home/tolasing/ros2_ws/build
"cartographer.common.internal.rate_timer_test" start time: Mar 15 18:27 IST
Output:
----------------------------------------------------------
Running main() from gmock_main.cc
[==========] Running 2 tests from 1 test suite.
[----------] Global test environment set-up.
[----------] 2 tests from RateTimerTest
[ RUN      ] RateTimerTest.ComputeRate
[       OK ] RateTimerTest.ComputeRate (0 ms)
[ RUN      ] RateTimerTest.ComputeWallTimeRateRatio
[       OK ] RateTimerTest.ComputeWallTimeRateRatio (0 ms)
[----------] 2 tests from RateTimerTest (0 ms total)

[----------] Global test environment tear-down
[==========] 2 tests from 1 test suite ran. (0 ms total)
[  PASSED  ] 2 tests.
<end of output>
Test time =   0.01 sec
----------------------------------------------------------
Test Passed.
"cartographer.common.internal.rate_timer_test" end time: Mar 15 18:27 IST
"cartographer.common.internal.rate_timer_test" time elapsed: 00:00:00
----------------------------------------------------------

5/80 Testing: cartographer.common.lua_parameter_dictionary_test
5/80 Test: cartographer.common.lua_parameter_dictionary_test
Command: "/home/tolasing/ros2_ws/build/cartographer.common.lua_parameter_dictionary_test"
Directory: /home/tolasing/ros2_ws/build
"cartographer.common.lua_parameter_dictionary_test" start time: Mar 15 18:27 IST
Output:
----------------------------------------------------------
Running main() from gmock_main.cc
[==========] Running 17 tests from 1 test suite.
[----------] Global test environment set-up.
[----------] 17 tests from LuaParameterDictionaryTest
[ RUN      ] LuaParameterDictionaryTest.GetInt
[       OK ] LuaParameterDictionaryTest.GetInt (0 ms)
[ RUN      ] LuaParameterDictionaryTest.GetString
[       OK ] LuaParameterDictionaryTest.GetString (0 ms)
[ RUN      ] LuaParameterDictionaryTest.GetDouble
[       OK ] LuaParameterDictionaryTest.GetDouble (0 ms)
[ RUN      ] LuaParameterDictionaryTest.GetBoolTrue
[       OK ] LuaParameterDictionaryTest.GetBoolTrue (0 ms)
[ RUN      ] LuaParameterDictionaryTest.GetBoolFalse
[       OK ] LuaParameterDictionaryTest.GetBoolFalse (0 ms)
[ RUN      ] LuaParameterDictionaryTest.GetDictionary
[       OK ] LuaParameterDictionaryTest.GetDictionary (0 ms)
[ RUN      ] LuaParameterDictionaryTest.GetKeys
[       OK ] LuaParameterDictionaryTest.GetKeys (0 ms)
[ RUN      ] LuaParameterDictionaryTest.NonExistingKey
[       OK ] LuaParameterDictionaryTest.NonExistingKey (128 ms)
[ RUN      ] LuaParameterDictionaryTest.UintNegative
[       OK ] LuaParameterDictionaryTest.UintNegative (123 ms)
[ RUN      ] LuaParameterDictionaryTest.ToString
[       OK ] LuaParameterDictionaryTest.ToString (0 ms)
[ RUN      ] LuaParameterDictionaryTest.ToStringForArrays
[       OK ] LuaParameterDictionaryTest.ToStringForArrays (0 ms)
[ RUN      ] LuaParameterDictionaryTest.GetArrayValuesAsStrings
[       OK ] LuaParameterDictionaryTest.GetArrayValuesAsStrings (0 ms)
[ RUN      ] LuaParameterDictionaryTest.GetArrayValuesAsDoubles
[       OK ] LuaParameterDictionaryTest.GetArrayValuesAsDoubles (0 ms)
[ RUN      ] LuaParameterDictionaryTest.GetArrayValuesAsDictionaries
[       OK ] LuaParameterDictionaryTest.GetArrayValuesAsDictionaries (0 ms)
[ RUN      ] LuaParameterDictionaryTest.TestChooseTrue
[       OK ] LuaParameterDictionaryTest.TestChooseTrue (0 ms)
[ RUN      ] LuaParameterDictionaryTest.TestChoseFalse
[       OK ] LuaParameterDictionaryTest.TestChoseFalse (0 ms)
[ RUN      ] LuaParameterDictionaryTest.TestChooseInvalidArgument
[       OK ] LuaParameterDictionaryTest.TestChooseInvalidArgument (103 ms)
[----------] 17 tests from LuaParameterDictionaryTest (356 ms total)

[----------] Global test environment tear-down
[==========] 17 tests from 1 test suite ran. (356 ms total)
[  PASSED  ] 17 tests.
<end of output>
Test time =   0.36 sec
----------------------------------------------------------
Test Passed.
"cartographer.common.lua_parameter_dictionary_test" end time: Mar 15 18:27 IST
"cartographer.common.lua_parameter_dictionary_test" time elapsed: 00:00:00
----------------------------------------------------------

6/80 Testing: cartographer.common.math_test
6/80 Test: cartographer.common.math_test
Command: "/home/tolasing/ros2_ws/build/cartographer.common.math_test"
Directory: /home/tolasing/ros2_ws/build
"cartographer.common.math_test" start time: Mar 15 18:27 IST
Output:
----------------------------------------------------------
Running main() from gmock_main.cc
[==========] Running 5 tests from 1 test suite.
[----------] Global test environment set-up.
[----------] 5 tests from MathTest
[ RUN      ] MathTest.testPower
[       OK ] MathTest.testPower (0 ms)
[ RUN      ] MathTest.testPow2
[       OK ] MathTest.testPow2 (0 ms)
[ RUN      ] MathTest.testDeg2rad
[       OK ] MathTest.testDeg2rad (0 ms)
[ RUN      ] MathTest.testRad2deg
[       OK ] MathTest.testRad2deg (0 ms)
[ RUN      ] MathTest.testNormalizeAngleDifference
[       OK ] MathTest.testNormalizeAngleDifference (0 ms)
[----------] 5 tests from MathTest (0 ms total)

[----------] Global test environment tear-down
[==========] 5 tests from 1 test suite ran. (0 ms total)
[  PASSED  ] 5 tests.
<end of output>
Test time =   0.00 sec
----------------------------------------------------------
Test Passed.
"cartographer.common.math_test" end time: Mar 15 18:27 IST
"cartographer.common.math_test" time elapsed: 00:00:00
----------------------------------------------------------

7/80 Testing: cartographer.common.task_test
7/80 Test: cartographer.common.task_test
Command: "/home/tolasing/ros2_ws/build/cartographer.common.task_test"
Directory: /home/tolasing/ros2_ws/build
"cartographer.common.task_test" start time: Mar 15 18:27 IST
Output:
----------------------------------------------------------
Running main() from gmock_main.cc
[==========] Running 4 tests from 1 test suite.
[----------] Global test environment set-up.
[----------] 4 tests from TaskTest
[ RUN      ] TaskTest.RunTask
[       OK ] TaskTest.RunTask (0 ms)
[ RUN      ] TaskTest.RunTaskWithDependency
[       OK ] TaskTest.RunTaskWithDependency (0 ms)
[ RUN      ] TaskTest.RunTaskWithTwoDependency
[       OK ] TaskTest.RunTaskWithTwoDependency (0 ms)
[ RUN      ] TaskTest.RunWithCompletedDependency
[       OK ] TaskTest.RunWithCompletedDependency (0 ms)
[----------] 4 tests from TaskTest (0 ms total)

[----------] Global test environment tear-down
[==========] 4 tests from 1 test suite ran. (0 ms total)
[  PASSED  ] 4 tests.
<end of output>
Test time =   0.00 sec
----------------------------------------------------------
Test Passed.
"cartographer.common.task_test" end time: Mar 15 18:27 IST
"cartographer.common.task_test" time elapsed: 00:00:00
----------------------------------------------------------

8/80 Testing: cartographer.common.thread_pool_test
8/80 Test: cartographer.common.thread_pool_test
Command: "/home/tolasing/ros2_ws/build/cartographer.common.thread_pool_test"
Directory: /home/tolasing/ros2_ws/build
"cartographer.common.thread_pool_test" start time: Mar 15 18:27 IST
Output:
----------------------------------------------------------
Running main() from gmock_main.cc
[==========] Running 8 tests from 1 test suite.
[----------] Global test environment set-up.
[----------] 8 tests from ThreadPoolTest
[ RUN      ] ThreadPoolTest.RunTask
[       OK ] ThreadPoolTest.RunTask (0 ms)
[ RUN      ] ThreadPoolTest.ManyTasks
[       OK ] ThreadPoolTest.ManyTasks (3 ms)
[ RUN      ] ThreadPoolTest.RunWithDependency
[       OK ] ThreadPoolTest.RunWithDependency (0 ms)
[ RUN      ] ThreadPoolTest.RunWithOutOfScopeDependency
[       OK ] ThreadPoolTest.RunWithOutOfScopeDependency (0 ms)
[ RUN      ] ThreadPoolTest.ManyDependencies
[       OK ] ThreadPoolTest.ManyDependencies (1 ms)
[ RUN      ] ThreadPoolTest.ManyDependants
[       OK ] ThreadPoolTest.ManyDependants (1 ms)
[ RUN      ] ThreadPoolTest.RunWithMultipleDependencies
[       OK ] ThreadPoolTest.RunWithMultipleDependencies (0 ms)
[ RUN      ] ThreadPoolTest.RunWithFinishedDependency
[       OK ] ThreadPoolTest.RunWithFinishedDependency (0 ms)
[----------] 8 tests from ThreadPoolTest (7 ms total)

[----------] Global test environment tear-down
[==========] 8 tests from 1 test suite ran. (7 ms total)
[  PASSED  ] 8 tests.
<end of output>
Test time =   0.01 sec
----------------------------------------------------------
Test Passed.
"cartographer.common.thread_pool_test" end time: Mar 15 18:27 IST
"cartographer.common.thread_pool_test" time elapsed: 00:00:00
----------------------------------------------------------

9/80 Testing: cartographer.io.fake_file_writer_test
9/80 Test: cartographer.io.fake_file_writer_test
Command: "/home/tolasing/ros2_ws/build/cartographer.io.fake_file_writer_test"
Directory: /home/tolasing/ros2_ws/build
"cartographer.io.fake_file_writer_test" start time: Mar 15 18:27 IST
Output:
----------------------------------------------------------
Running main() from gmock_main.cc
[==========] Running 8 tests from 1 test suite.
[----------] Global test environment set-up.
[----------] 8 tests from FakeFileWriter
[ RUN      ] FakeFileWriter.Filename
[       OK ] FakeFileWriter.Filename (0 ms)
[ RUN      ] FakeFileWriter.CloseStream
[       OK ] FakeFileWriter.CloseStream (0 ms)
[ RUN      ] FakeFileWriter.WriteHeader
[       OK ] FakeFileWriter.WriteHeader (0 ms)
[ RUN      ] FakeFileWriter.Write
[       OK ] FakeFileWriter.Write (0 ms)
[ RUN      ] FakeFileWriter.HeaderAndWrite
[       OK ] FakeFileWriter.HeaderAndWrite (0 ms)
[ RUN      ] FakeFileWriter.WriteTerminatedString
[       OK ] FakeFileWriter.WriteTerminatedString (0 ms)
[ RUN      ] FakeFileWriter.WriteTerminatedHeaderString
[       OK ] FakeFileWriter.WriteTerminatedHeaderString (0 ms)
[ RUN      ] FakeFileWriter.HeaderAndWriteTerminatedString
[       OK ] FakeFileWriter.HeaderAndWriteTerminatedString (0 ms)
[----------] 8 tests from FakeFileWriter (0 ms total)

[----------] Global test environment tear-down
[==========] 8 tests from 1 test suite ran. (0 ms total)
[  PASSED  ] 8 tests.
<end of output>
Test time =   0.00 sec
----------------------------------------------------------
Test Passed.
"cartographer.io.fake_file_writer_test" end time: Mar 15 18:27 IST
"cartographer.io.fake_file_writer_test" time elapsed: 00:00:00
----------------------------------------------------------

10/80 Testing: cartographer.io.internal.in_memory_proto_stream_test
10/80 Test: cartographer.io.internal.in_memory_proto_stream_test
Command: "/home/tolasing/ros2_ws/build/cartographer.io.internal.in_memory_proto_stream_test"
Directory: /home/tolasing/ros2_ws/build
"cartographer.io.internal.in_memory_proto_stream_test" start time: Mar 15 18:27 IST
Output:
----------------------------------------------------------
Running main() from gmock_main.cc
[==========] Running 2 tests from 1 test suite.
[----------] Global test environment set-up.
[----------] 2 tests from InMemoryProtoStreamTest
[ RUN      ] InMemoryProtoStreamTest.ReadStreamInitializedFromQueue
[       OK ] InMemoryProtoStreamTest.ReadStreamInitializedFromQueue (0 ms)
[ RUN      ] InMemoryProtoStreamTest.ReadStreamInitializedIncrementally
[       OK ] InMemoryProtoStreamTest.ReadStreamInitializedIncrementally (0 ms)
[----------] 2 tests from InMemoryProtoStreamTest (0 ms total)

[----------] Global test environment tear-down
[==========] 2 tests from 1 test suite ran. (0 ms total)
[  PASSED  ] 2 tests.
<end of output>
Test time =   0.01 sec
----------------------------------------------------------
Test Passed.
"cartographer.io.internal.in_memory_proto_stream_test" end time: Mar 15 18:27 IST
"cartographer.io.internal.in_memory_proto_stream_test" time elapsed: 00:00:00
----------------------------------------------------------

11/80 Testing: cartographer.io.points_processor_pipeline_builder_test
11/80 Test: cartographer.io.points_processor_pipeline_builder_test
Command: "/home/tolasing/ros2_ws/build/cartographer.io.points_processor_pipeline_builder_test"
Directory: /home/tolasing/ros2_ws/build
"cartographer.io.points_processor_pipeline_builder_test" start time: Mar 15 18:27 IST
Output:
----------------------------------------------------------
Running main() from gmock_main.cc
[==========] Running 1 test from 1 test suite.
[----------] Global test environment set-up.
[----------] 1 test from PointsProcessorPipelineBuilderTest
[ RUN      ] PointsProcessorPipelineBuilderTest.RegisterBuiltInPointsProcessors
[       OK ] PointsProcessorPipelineBuilderTest.RegisterBuiltInPointsProcessors (0 ms)
[----------] 1 test from PointsProcessorPipelineBuilderTest (0 ms total)

[----------] Global test environment tear-down
[==========] 1 test from 1 test suite ran. (0 ms total)
[  PASSED  ] 1 test.
<end of output>
Test time =   0.01 sec
----------------------------------------------------------
Test Passed.
"cartographer.io.points_processor_pipeline_builder_test" end time: Mar 15 18:27 IST
"cartographer.io.points_processor_pipeline_builder_test" time elapsed: 00:00:00
----------------------------------------------------------

12/80 Testing: cartographer.io.probability_grid_points_processor_test
12/80 Test: cartographer.io.probability_grid_points_processor_test
Command: "/home/tolasing/ros2_ws/build/cartographer.io.probability_grid_points_processor_test"
Directory: /home/tolasing/ros2_ws/build
"cartographer.io.probability_grid_points_processor_test" start time: Mar 15 18:27 IST
Output:
----------------------------------------------------------
Running main() from gmock_main.cc
[==========] Running 1 test from 1 test suite.
[----------] Global test environment set-up.
[----------] 1 test from ProbabilityGridPointsProcessorTest
[ RUN      ] ProbabilityGridPointsProcessorTest.WriteProto
[       OK ] ProbabilityGridPointsProcessorTest.WriteProto (2 ms)
[----------] 1 test from ProbabilityGridPointsProcessorTest (2 ms total)

[----------] Global test environment tear-down
[==========] 1 test from 1 test suite ran. (2 ms total)
[  PASSED  ] 1 test.
<end of output>
Test time =   0.01 sec
----------------------------------------------------------
Test Passed.
"cartographer.io.probability_grid_points_processor_test" end time: Mar 15 18:27 IST
"cartographer.io.probability_grid_points_processor_test" time elapsed: 00:00:00
----------------------------------------------------------

13/80 Testing: cartographer.io.proto_stream_deserializer_test
13/80 Test: cartographer.io.proto_stream_deserializer_test
Command: "/home/tolasing/ros2_ws/build/cartographer.io.proto_stream_deserializer_test"
Directory: /home/tolasing/ros2_ws/build
"cartographer.io.proto_stream_deserializer_test" start time: Mar 15 18:27 IST
Output:
----------------------------------------------------------
Running main() from gmock_main.cc
[==========] Running 2 tests from 1 test suite.
[----------] Global test environment set-up.
[----------] 2 tests from ProtoStreamDeserializerTest
[ RUN      ] ProtoStreamDeserializerTest.WorksOnGoldenTextStream
[       OK ] ProtoStreamDeserializerTest.WorksOnGoldenTextStream (1 ms)
[ RUN      ] ProtoStreamDeserializerTest.FailsIfVersionNotSupported
[       OK ] ProtoStreamDeserializerTest.FailsIfVersionNotSupported (130 ms)
[----------] 2 tests from ProtoStreamDeserializerTest (131 ms total)

[----------] Global test environment tear-down
[==========] 2 tests from 1 test suite ran. (131 ms total)
[  PASSED  ] 2 tests.
<end of output>
Test time =   0.14 sec
----------------------------------------------------------
Test Passed.
"cartographer.io.proto_stream_deserializer_test" end time: Mar 15 18:27 IST
"cartographer.io.proto_stream_deserializer_test" time elapsed: 00:00:00
----------------------------------------------------------

14/80 Testing: cartographer.io.proto_stream_test
14/80 Test: cartographer.io.proto_stream_test
Command: "/home/tolasing/ros2_ws/build/cartographer.io.proto_stream_test"
Directory: /home/tolasing/ros2_ws/build
"cartographer.io.proto_stream_test" start time: Mar 15 18:27 IST
Output:
----------------------------------------------------------
Running main() from gmock_main.cc
[==========] Running 1 test from 1 test suite.
[----------] Global test environment set-up.
[----------] 1 test from ProtoStreamTest
[ RUN      ] ProtoStreamTest.WriteAndReadBack
[       OK ] ProtoStreamTest.WriteAndReadBack (1 ms)
[----------] 1 test from ProtoStreamTest (1 ms total)

[----------] Global test environment tear-down
[==========] 1 test from 1 test suite ran. (1 ms total)
[  PASSED  ] 1 test.
<end of output>
Test time =   0.01 sec
----------------------------------------------------------
Test Passed.
"cartographer.io.proto_stream_test" end time: Mar 15 18:27 IST
"cartographer.io.proto_stream_test" time elapsed: 00:00:00
----------------------------------------------------------

15/80 Testing: cartographer.io.serialization_format_migration_test
15/80 Test: cartographer.io.serialization_format_migration_test
Command: "/home/tolasing/ros2_ws/build/cartographer.io.serialization_format_migration_test"
Directory: /home/tolasing/ros2_ws/build
"cartographer.io.serialization_format_migration_test" start time: Mar 15 18:27 IST
Output:
----------------------------------------------------------
Running main() from gmock_main.cc
[==========] Running 1 test from 1 test suite.
[----------] Global test environment set-up.
[----------] 1 test from SubmapHistogramMigrationTest
[ RUN      ] SubmapHistogramMigrationTest.SubmapHistogramGenerationFromTrajectoryNodes
[       OK ] SubmapHistogramMigrationTest.SubmapHistogramGenerationFromTrajectoryNodes (0 ms)
[----------] 1 test from SubmapHistogramMigrationTest (0 ms total)

[----------] Global test environment tear-down
[==========] 1 test from 1 test suite ran. (0 ms total)
[  PASSED  ] 1 test.
<end of output>
Test time =   0.01 sec
----------------------------------------------------------
Test Passed.
"cartographer.io.serialization_format_migration_test" end time: Mar 15 18:27 IST
"cartographer.io.serialization_format_migration_test" time elapsed: 00:00:00
----------------------------------------------------------

16/80 Testing: cartographer.mapping.2d.map_limits_test
16/80 Test: cartographer.mapping.2d.map_limits_test
Command: "/home/tolasing/ros2_ws/build/cartographer.mapping.2d.map_limits_test"
Directory: /home/tolasing/ros2_ws/build
"cartographer.mapping.2d.map_limits_test" start time: Mar 15 18:27 IST
Output:
----------------------------------------------------------
Running main() from gmock_main.cc
[==========] Running 3 tests from 1 test suite.
[----------] Global test environment set-up.
[----------] 3 tests from MapLimitsTest
[ RUN      ] MapLimitsTest.ToProto
[       OK ] MapLimitsTest.ToProto (0 ms)
[ RUN      ] MapLimitsTest.ProtoConstructor
[       OK ] MapLimitsTest.ProtoConstructor (0 ms)
[ RUN      ] MapLimitsTest.ConstructAndGet
[       OK ] MapLimitsTest.ConstructAndGet (0 ms)
[----------] 3 tests from MapLimitsTest (0 ms total)

[----------] Global test environment tear-down
[==========] 3 tests from 1 test suite ran. (0 ms total)
[  PASSED  ] 3 tests.
<end of output>
Test time =   0.01 sec
----------------------------------------------------------
Test Passed.
"cartographer.mapping.2d.map_limits_test" end time: Mar 15 18:27 IST
"cartographer.mapping.2d.map_limits_test" time elapsed: 00:00:00
----------------------------------------------------------

17/80 Testing: cartographer.mapping.2d.probability_grid_test
17/80 Test: cartographer.mapping.2d.probability_grid_test
Command: "/home/tolasing/ros2_ws/build/cartographer.mapping.2d.probability_grid_test"
Directory: /home/tolasing/ros2_ws/build
"cartographer.mapping.2d.probability_grid_test" start time: Mar 15 18:27 IST
Output:
----------------------------------------------------------
Running main() from gmock_main.cc
[==========] Running 7 tests from 1 test suite.
[----------] Global test environment set-up.
[----------] 7 tests from ProbabilityGridTest
[ RUN      ] ProbabilityGridTest.ProtoConstructor
WARNING: Logging before InitGoogleLogging() is written to STDERR
W0315 18:27:13.852774 77163 grid_2d.cc:25] proto::Grid2D: min_correspondence_cost is initialized with 0 indicating an older version of the protobuf format. Loading default values.
W0315 18:27:13.852876 77163 grid_2d.cc:37] proto::Grid2D: max_correspondence_cost is initialized with 0 indicating an older version of the protobuf format. Loading default values.
[       OK ] ProbabilityGridTest.ProtoConstructor (1 ms)
[ RUN      ] ProbabilityGridTest.ConstructorGridType
[       OK ] ProbabilityGridTest.ConstructorGridType (0 ms)
[ RUN      ] ProbabilityGridTest.ToProto
[       OK ] ProbabilityGridTest.ToProto (0 ms)
[ RUN      ] ProbabilityGridTest.ApplyOdds
[       OK ] ProbabilityGridTest.ApplyOdds (4 ms)
[ RUN      ] ProbabilityGridTest.GetProbability
[       OK ] ProbabilityGridTest.GetProbability (0 ms)
[ RUN      ] ProbabilityGridTest.GetCellIndex
[       OK ] ProbabilityGridTest.GetCellIndex (0 ms)
[ RUN      ] ProbabilityGridTest.CorrectCropping
[       OK ] ProbabilityGridTest.CorrectCropping (2 ms)
[----------] 7 tests from ProbabilityGridTest (10 ms total)

[----------] Global test environment tear-down
[==========] 7 tests from 1 test suite ran. (10 ms total)
[  PASSED  ] 7 tests.
<end of output>
Test time =   0.02 sec
----------------------------------------------------------
Test Passed.
"cartographer.mapping.2d.probability_grid_test" end time: Mar 15 18:27 IST
"cartographer.mapping.2d.probability_grid_test" time elapsed: 00:00:00
----------------------------------------------------------

18/80 Testing: cartographer.mapping.2d.range_data_inserter_2d_test
18/80 Test: cartographer.mapping.2d.range_data_inserter_2d_test
Command: "/home/tolasing/ros2_ws/build/cartographer.mapping.2d.range_data_inserter_2d_test"
Directory: /home/tolasing/ros2_ws/build
"cartographer.mapping.2d.range_data_inserter_2d_test" start time: Mar 15 18:27 IST
Output:
----------------------------------------------------------
Running main() from gmock_main.cc
[==========] Running 2 tests from 1 test suite.
[----------] Global test environment set-up.
[----------] 2 tests from RangeDataInserterTest2D
[ RUN      ] RangeDataInserterTest2D.InsertPointCloud
[       OK ] RangeDataInserterTest2D.InsertPointCloud (2 ms)
[ RUN      ] RangeDataInserterTest2D.ProbabilityProgression
[       OK ] RangeDataInserterTest2D.ProbabilityProgression (5 ms)
[----------] 2 tests from RangeDataInserterTest2D (7 ms total)

[----------] Global test environment tear-down
[==========] 2 tests from 1 test suite ran. (7 ms total)
[  PASSED  ] 2 tests.
<end of output>
Test time =   0.02 sec
----------------------------------------------------------
Test Passed.
"cartographer.mapping.2d.range_data_inserter_2d_test" end time: Mar 15 18:27 IST
"cartographer.mapping.2d.range_data_inserter_2d_test" time elapsed: 00:00:00
----------------------------------------------------------

19/80 Testing: cartographer.mapping.2d.submap_2d_test
19/80 Test: cartographer.mapping.2d.submap_2d_test
Command: "/home/tolasing/ros2_ws/build/cartographer.mapping.2d.submap_2d_test"
Directory: /home/tolasing/ros2_ws/build
"cartographer.mapping.2d.submap_2d_test" start time: Mar 15 18:27 IST
Output:
----------------------------------------------------------
Running main() from gmock_main.cc
[==========] Running 2 tests from 1 test suite.
[----------] Global test environment set-up.
[----------] 2 tests from Submap2DTest
[ RUN      ] Submap2DTest.TheRightNumberOfRangeDataAreInserted
[       OK ] Submap2DTest.TheRightNumberOfRangeDataAreInserted (4 ms)
[ RUN      ] Submap2DTest.ToFromProto
[       OK ] Submap2DTest.ToFromProto (0 ms)
[----------] 2 tests from Submap2DTest (5 ms total)

[----------] Global test environment tear-down
[==========] 2 tests from 1 test suite ran. (5 ms total)
[  PASSED  ] 2 tests.
<end of output>
Test time =   0.02 sec
----------------------------------------------------------
Test Passed.
"cartographer.mapping.2d.submap_2d_test" end time: Mar 15 18:27 IST
"cartographer.mapping.2d.submap_2d_test" time elapsed: 00:00:00
----------------------------------------------------------

20/80 Testing: cartographer.mapping.2d.xy_index_test
20/80 Test: cartographer.mapping.2d.xy_index_test
Command: "/home/tolasing/ros2_ws/build/cartographer.mapping.2d.xy_index_test"
Directory: /home/tolasing/ros2_ws/build
"cartographer.mapping.2d.xy_index_test" start time: Mar 15 18:27 IST
Output:
----------------------------------------------------------
Running main() from gmock_main.cc
[==========] Running 3 tests from 1 test suite.
[----------] Global test environment set-up.
[----------] 3 tests from XYIndexTest
[ RUN      ] XYIndexTest.CellLimitsToProto
[       OK ] XYIndexTest.CellLimitsToProto (0 ms)
[ RUN      ] XYIndexTest.CellLimitsProtoConstructor
[       OK ] XYIndexTest.CellLimitsProtoConstructor (0 ms)
[ RUN      ] XYIndexTest.XYIndexRangeIterator
WARNING: Logging before InitGoogleLogging() is written to STDERR
I0315 18:27:13.907205 77166 xy_index_test.cc:51] 1
2
I0315 18:27:13.907333 77166 xy_index_test.cc:51] 2
2
I0315 18:27:13.907346 77166 xy_index_test.cc:51] 3
2
I0315 18:27:13.907358 77166 xy_index_test.cc:51] 1
3
I0315 18:27:13.907369 77166 xy_index_test.cc:51] 2
3
I0315 18:27:13.907380 77166 xy_index_test.cc:51] 3
3
I0315 18:27:13.907392 77166 xy_index_test.cc:51] 1
4
I0315 18:27:13.907403 77166 xy_index_test.cc:51] 2
4
I0315 18:27:13.907414 77166 xy_index_test.cc:51] 3
4
[       OK ] XYIndexTest.XYIndexRangeIterator (0 ms)
[----------] 3 tests from XYIndexTest (0 ms total)

[----------] Global test environment tear-down
[==========] 3 tests from 1 test suite ran. (0 ms total)
[  PASSED  ] 3 tests.
<end of output>
Test time =   0.01 sec
----------------------------------------------------------
Test Passed.
"cartographer.mapping.2d.xy_index_test" end time: Mar 15 18:27 IST
"cartographer.mapping.2d.xy_index_test" time elapsed: 00:00:00
----------------------------------------------------------

21/80 Testing: cartographer.mapping.3d.hybrid_grid_test
21/80 Test: cartographer.mapping.3d.hybrid_grid_test
Command: "/home/tolasing/ros2_ws/build/cartographer.mapping.3d.hybrid_grid_test"
Directory: /home/tolasing/ros2_ws/build
"cartographer.mapping.3d.hybrid_grid_test" start time: Mar 15 18:27 IST
Output:
----------------------------------------------------------
Running main() from gmock_main.cc
[==========] Running 8 tests from 2 test suites.
[----------] Global test environment set-up.
[----------] 5 tests from HybridGridTest
[ RUN      ] HybridGridTest.ApplyOdds
[       OK ] HybridGridTest.ApplyOdds (3 ms)
[ RUN      ] HybridGridTest.GetProbability
[       OK ] HybridGridTest.GetProbability (0 ms)
[ RUN      ] HybridGridTest.GetIntensity
[       OK ] HybridGridTest.GetIntensity (0 ms)
[ RUN      ] HybridGridTest.GetCellIndex
[       OK ] HybridGridTest.GetCellIndex (0 ms)
[ RUN      ] HybridGridTest.GetCenterOfCell
[       OK ] HybridGridTest.GetCenterOfCell (0 ms)
[----------] 5 tests from HybridGridTest (3 ms total)

[----------] 3 tests from RandomHybridGridTest
[ RUN      ] RandomHybridGridTest.TestIteration
[       OK ] RandomHybridGridTest.TestIteration (99 ms)
[ RUN      ] RandomHybridGridTest.ToProto
[       OK ] RandomHybridGridTest.ToProto (63 ms)
[ RUN      ] RandomHybridGridTest.FromProto
[       OK ] RandomHybridGridTest.FromProto (101 ms)
[----------] 3 tests from RandomHybridGridTest (263 ms total)

[----------] Global test environment tear-down
[==========] 8 tests from 2 test suites ran. (267 ms total)
[  PASSED  ] 8 tests.
<end of output>
Test time =   0.28 sec
----------------------------------------------------------
Test Passed.
"cartographer.mapping.3d.hybrid_grid_test" end time: Mar 15 18:27 IST
"cartographer.mapping.3d.hybrid_grid_test" time elapsed: 00:00:00
----------------------------------------------------------

22/80 Testing: cartographer.mapping.3d.range_data_inserter_3d_test
22/80 Test: cartographer.mapping.3d.range_data_inserter_3d_test
Command: "/home/tolasing/ros2_ws/build/cartographer.mapping.3d.range_data_inserter_3d_test"
Directory: /home/tolasing/ros2_ws/build
"cartographer.mapping.3d.range_data_inserter_3d_test" start time: Mar 15 18:27 IST
Output:
----------------------------------------------------------
Running main() from gmock_main.cc
[==========] Running 3 tests from 1 test suite.
[----------] Global test environment set-up.
[----------] 3 tests from RangeDataInserter3DTest
[ RUN      ] RangeDataInserter3DTest.InsertPointCloud
[       OK ] RangeDataInserter3DTest.InsertPointCloud (1 ms)
[ RUN      ] RangeDataInserter3DTest.InsertPointCloudWithIntensities
[       OK ] RangeDataInserter3DTest.InsertPointCloudWithIntensities (1 ms)
[ RUN      ] RangeDataInserter3DTest.ProbabilityProgression
[       OK ] RangeDataInserter3DTest.ProbabilityProgression (4 ms)
[----------] 3 tests from RangeDataInserter3DTest (7 ms total)

[----------] Global test environment tear-down
[==========] 3 tests from 1 test suite ran. (7 ms total)
[  PASSED  ] 3 tests.
<end of output>
Test time =   0.02 sec
----------------------------------------------------------
Test Passed.
"cartographer.mapping.3d.range_data_inserter_3d_test" end time: Mar 15 18:27 IST
"cartographer.mapping.3d.range_data_inserter_3d_test" time elapsed: 00:00:00
----------------------------------------------------------

23/80 Testing: cartographer.mapping.3d.submap_3d_test
23/80 Test: cartographer.mapping.3d.submap_3d_test
Command: "/home/tolasing/ros2_ws/build/cartographer.mapping.3d.submap_3d_test"
Directory: /home/tolasing/ros2_ws/build
"cartographer.mapping.3d.submap_3d_test" start time: Mar 15 18:27 IST
Output:
----------------------------------------------------------
Running main() from gmock_main.cc
[==========] Running 1 test from 1 test suite.
[----------] Global test environment set-up.
[----------] 1 test from SubmapsTest
[ RUN      ] SubmapsTest.ToFromProto
[       OK ] SubmapsTest.ToFromProto (0 ms)
[----------] 1 test from SubmapsTest (0 ms total)

[----------] Global test environment tear-down
[==========] 1 test from 1 test suite ran. (0 ms total)
[  PASSED  ] 1 test.
<end of output>
Test time =   0.01 sec
----------------------------------------------------------
Test Passed.
"cartographer.mapping.3d.submap_3d_test" end time: Mar 15 18:27 IST
"cartographer.mapping.3d.submap_3d_test" time elapsed: 00:00:00
----------------------------------------------------------

24/80 Testing: cartographer.mapping.id_test
24/80 Test: cartographer.mapping.id_test
Command: "/home/tolasing/ros2_ws/build/cartographer.mapping.id_test"
Directory: /home/tolasing/ros2_ws/build
"cartographer.mapping.id_test" start time: Mar 15 18:27 IST
Output:
----------------------------------------------------------
Running main() from gmock_main.cc
[==========] Running 15 tests from 1 test suite.
[----------] Global test environment set-up.
[----------] 15 tests from IdTest
[ RUN      ] IdTest.EmptyMapById
[       OK ] IdTest.EmptyMapById (0 ms)
[ RUN      ] IdTest.DeleteTrajectory
[       OK ] IdTest.DeleteTrajectory (0 ms)
[ RUN      ] IdTest.MapByIdIterator
[       OK ] IdTest.MapByIdIterator (0 ms)
[ RUN      ] IdTest.MapByIdTrajectoryRange
[       OK ] IdTest.MapByIdTrajectoryRange (0 ms)
[ RUN      ] IdTest.MapByIdTrajectoryIdRange
[       OK ] IdTest.MapByIdTrajectoryIdRange (0 ms)
[ RUN      ] IdTest.MapByIdIterateByTrajectories
[       OK ] IdTest.MapByIdIterateByTrajectories (0 ms)
[ RUN      ] IdTest.MapByIdPrevIterator
[       OK ] IdTest.MapByIdPrevIterator (0 ms)
[ RUN      ] IdTest.InsertIntoMapById
[       OK ] IdTest.InsertIntoMapById (0 ms)
[ RUN      ] IdTest.FindNodeId
[       OK ] IdTest.FindNodeId (0 ms)
[ RUN      ] IdTest.FindSubmapId
[       OK ] IdTest.FindSubmapId (0 ms)
[ RUN      ] IdTest.LowerBoundEdgeCases
[       OK ] IdTest.LowerBoundEdgeCases (0 ms)
[ RUN      ] IdTest.LowerBound
[       OK ] IdTest.LowerBound (0 ms)
[ RUN      ] IdTest.LowerBoundFuzz
[       OK ] IdTest.LowerBoundFuzz (0 ms)
[ RUN      ] IdTest.LowerBoundTrimmedTrajectory
[       OK ] IdTest.LowerBoundTrimmedTrajectory (0 ms)
[ RUN      ] IdTest.LowerBoundFuzzWithStruct
[       OK ] IdTest.LowerBoundFuzzWithStruct (0 ms)
[----------] 15 tests from IdTest (0 ms total)

[----------] Global test environment tear-down
[==========] 15 tests from 1 test suite ran. (0 ms total)
[  PASSED  ] 15 tests.
<end of output>
Test time =   0.01 sec
----------------------------------------------------------
Test Passed.
"cartographer.mapping.id_test" end time: Mar 15 18:27 IST
"cartographer.mapping.id_test" time elapsed: 00:00:00
----------------------------------------------------------

25/80 Testing: cartographer.mapping.imu_tracker_test
25/80 Test: cartographer.mapping.imu_tracker_test
Command: "/home/tolasing/ros2_ws/build/cartographer.mapping.imu_tracker_test"
Directory: /home/tolasing/ros2_ws/build
"cartographer.mapping.imu_tracker_test" start time: Mar 15 18:27 IST
Output:
----------------------------------------------------------
Running main() from gmock_main.cc
[==========] Running 3 tests from 1 test suite.
[----------] Global test environment set-up.
[----------] 3 tests from ImuTrackerTest
[ RUN      ] ImuTrackerTest.IntegrateYawRotation
[       OK ] ImuTrackerTest.IntegrateYawRotation (0 ms)
[ RUN      ] ImuTrackerTest.IntegrateFullRotation
[       OK ] ImuTrackerTest.IntegrateFullRotation (0 ms)
[ RUN      ] ImuTrackerTest.LearnGravityVector
[       OK ] ImuTrackerTest.LearnGravityVector (0 ms)
[----------] 3 tests from ImuTrackerTest (0 ms total)

[----------] Global test environment tear-down
[==========] 3 tests from 1 test suite ran. (0 ms total)
[  PASSED  ] 3 tests.
<end of output>
Test time =   0.01 sec
----------------------------------------------------------
Test Passed.
"cartographer.mapping.imu_tracker_test" end time: Mar 15 18:27 IST
"cartographer.mapping.imu_tracker_test" time elapsed: 00:00:00
----------------------------------------------------------

26/80 Testing: cartographer.mapping.internal.2d.normal_estimation_2d_test
26/80 Test: cartographer.mapping.internal.2d.normal_estimation_2d_test
Command: "/home/tolasing/ros2_ws/build/cartographer.mapping.internal.2d.normal_estimation_2d_test"
Directory: /home/tolasing/ros2_ws/build
"cartographer.mapping.internal.2d.normal_estimation_2d_test" start time: Mar 15 18:27 IST
Output:
----------------------------------------------------------
Running main() from gmock_main.cc
[==========] Running 7 tests from 2 test suites.
[----------] Global test environment set-up.
[----------] 2 tests from NormalEstimation2DTest
[ RUN      ] NormalEstimation2DTest.SinglePoint
[       OK ] NormalEstimation2DTest.SinglePoint (0 ms)
[ RUN      ] NormalEstimation2DTest.StraightLineGeometry
[       OK ] NormalEstimation2DTest.StraightLineGeometry (0 ms)
[----------] 2 tests from NormalEstimation2DTest (0 ms total)

[----------] 5 tests from InstantiationName/CircularGeometry2DTest
[ RUN      ] InstantiationName/CircularGeometry2DTest.NumSamplesPerNormal/0
[       OK ] InstantiationName/CircularGeometry2DTest.NumSamplesPerNormal/0 (0 ms)
[ RUN      ] InstantiationName/CircularGeometry2DTest.NumSamplesPerNormal/1
[       OK ] InstantiationName/CircularGeometry2DTest.NumSamplesPerNormal/1 (0 ms)
[ RUN      ] InstantiationName/CircularGeometry2DTest.NumSamplesPerNormal/2
[       OK ] InstantiationName/CircularGeometry2DTest.NumSamplesPerNormal/2 (0 ms)
[ RUN      ] InstantiationName/CircularGeometry2DTest.NumSamplesPerNormal/3
[       OK ] InstantiationName/CircularGeometry2DTest.NumSamplesPerNormal/3 (0 ms)
[ RUN      ] InstantiationName/CircularGeometry2DTest.NumSamplesPerNormal/4
[       OK ] InstantiationName/CircularGeometry2DTest.NumSamplesPerNormal/4 (0 ms)
[----------] 5 tests from InstantiationName/CircularGeometry2DTest (1 ms total)

[----------] Global test environment tear-down
[==========] 7 tests from 2 test suites ran. (2 ms total)
[  PASSED  ] 7 tests.
<end of output>
Test time =   0.01 sec
----------------------------------------------------------
Test Passed.
"cartographer.mapping.internal.2d.normal_estimation_2d_test" end time: Mar 15 18:27 IST
"cartographer.mapping.internal.2d.normal_estimation_2d_test" time elapsed: 00:00:00
----------------------------------------------------------

27/80 Testing: cartographer.mapping.internal.2d.overlapping_submaps_trimmer_2d_test
27/80 Test: cartographer.mapping.internal.2d.overlapping_submaps_trimmer_2d_test
Command: "/home/tolasing/ros2_ws/build/cartographer.mapping.internal.2d.overlapping_submaps_trimmer_2d_test"
Directory: /home/tolasing/ros2_ws/build
"cartographer.mapping.internal.2d.overlapping_submaps_trimmer_2d_test" start time: Mar 15 18:27 IST
Output:
----------------------------------------------------------
Running main() from gmock_main.cc
[==========] Running 7 tests from 1 test suite.
[----------] Global test environment set-up.
[----------] 7 tests from OverlappingSubmapsTrimmer2DTest
[ RUN      ] OverlappingSubmapsTrimmer2DTest.EmptyPoseGraph
[       OK ] OverlappingSubmapsTrimmer2DTest.EmptyPoseGraph (0 ms)
[ RUN      ] OverlappingSubmapsTrimmer2DTest.TrimOneOfTwoOverlappingSubmaps
WARNING: Logging before InitGoogleLogging() is written to STDERR
W0315 18:27:14.251971 77173 grid_2d.cc:25] proto::Grid2D: min_correspondence_cost is initialized with 0 indicating an older version of the protobuf format. Loading default values.
W0315 18:27:14.252068 77173 grid_2d.cc:37] proto::Grid2D: max_correspondence_cost is initialized with 0 indicating an older version of the protobuf format. Loading default values.
W0315 18:27:14.252720 77173 grid_2d.cc:25] proto::Grid2D: min_correspondence_cost is initialized with 0 indicating an older version of the protobuf format. Loading default values.
W0315 18:27:14.252732 77173 grid_2d.cc:37] proto::Grid2D: max_correspondence_cost is initialized with 0 indicating an older version of the protobuf format. Loading default values.
[       OK ] OverlappingSubmapsTrimmer2DTest.TrimOneOfTwoOverlappingSubmaps (0 ms)
[ RUN      ] OverlappingSubmapsTrimmer2DTest.TestMinAddedSubmapsCountParam
W0315 18:27:14.252858 77173 grid_2d.cc:25] proto::Grid2D: min_correspondence_cost is initialized with 0 indicating an older version of the protobuf format. Loading default values.
W0315 18:27:14.252868 77173 grid_2d.cc:37] proto::Grid2D: max_correspondence_cost is initialized with 0 indicating an older version of the protobuf format. Loading default values.
W0315 18:27:14.253465 77173 grid_2d.cc:25] proto::Grid2D: min_correspondence_cost is initialized with 0 indicating an older version of the protobuf format. Loading default values.
W0315 18:27:14.253473 77173 grid_2d.cc:37] proto::Grid2D: max_correspondence_cost is initialized with 0 indicating an older version of the protobuf format. Loading default values.
W0315 18:27:14.253485 77173 grid_2d.cc:25] proto::Grid2D: min_correspondence_cost is initialized with 0 indicating an older version of the protobuf format. Loading default values.
W0315 18:27:14.253491 77173 grid_2d.cc:37] proto::Grid2D: max_correspondence_cost is initialized with 0 indicating an older version of the protobuf format. Loading default values.
[       OK ] OverlappingSubmapsTrimmer2DTest.TestMinAddedSubmapsCountParam (0 ms)
[ RUN      ] OverlappingSubmapsTrimmer2DTest.DoNotTrimUnfinishedSubmap
W0315 18:27:14.253551 77173 grid_2d.cc:25] proto::Grid2D: min_correspondence_cost is initialized with 0 indicating an older version of the protobuf format. Loading default values.
W0315 18:27:14.253559 77173 grid_2d.cc:37] proto::Grid2D: max_correspondence_cost is initialized with 0 indicating an older version of the protobuf format. Loading default values.
W0315 18:27:14.253995 77173 grid_2d.cc:25] proto::Grid2D: min_correspondence_cost is initialized with 0 indicating an older version of the protobuf format. Loading default values.
W0315 18:27:14.254002 77173 grid_2d.cc:37] proto::Grid2D: max_correspondence_cost is initialized with 0 indicating an older version of the protobuf format. Loading default values.
[       OK ] OverlappingSubmapsTrimmer2DTest.DoNotTrimUnfinishedSubmap (0 ms)
[ RUN      ] OverlappingSubmapsTrimmer2DTest.UseOnlyIntraSubmapsToComputeFreshness
W0315 18:27:14.254029 77173 grid_2d.cc:25] proto::Grid2D: min_correspondence_cost is initialized with 0 indicating an older version of the protobuf format. Loading default values.
W0315 18:27:14.254035 77173 grid_2d.cc:37] proto::Grid2D: max_correspondence_cost is initialized with 0 indicating an older version of the protobuf format. Loading default values.
W0315 18:27:14.254470 77173 grid_2d.cc:25] proto::Grid2D: min_correspondence_cost is initialized with 0 indicating an older version of the protobuf format. Loading default values.
W0315 18:27:14.254477 77173 grid_2d.cc:37] proto::Grid2D: max_correspondence_cost is initialized with 0 indicating an older version of the protobuf format. Loading default values.
[       OK ] OverlappingSubmapsTrimmer2DTest.UseOnlyIntraSubmapsToComputeFreshness (0 ms)
[ RUN      ] OverlappingSubmapsTrimmer2DTest.TrimSubmapWithLowCoveredCellsCount
W0315 18:27:14.254520 77173 grid_2d.cc:25] proto::Grid2D: min_correspondence_cost is initialized with 0 indicating an older version of the protobuf format. Loading default values.
W0315 18:27:14.254527 77173 grid_2d.cc:37] proto::Grid2D: max_correspondence_cost is initialized with 0 indicating an older version of the protobuf format. Loading default values.
W0315 18:27:14.255017 77173 grid_2d.cc:25] proto::Grid2D: min_correspondence_cost is initialized with 0 indicating an older version of the protobuf format. Loading default values.
W0315 18:27:14.255028 77173 grid_2d.cc:37] proto::Grid2D: max_correspondence_cost is initialized with 0 indicating an older version of the protobuf format. Loading default values.
[       OK ] OverlappingSubmapsTrimmer2DTest.TrimSubmapWithLowCoveredCellsCount (0 ms)
[ RUN      ] OverlappingSubmapsTrimmer2DTest.TestTransformations
W0315 18:27:14.255095 77173 grid_2d.cc:25] proto::Grid2D: min_correspondence_cost is initialized with 0 indicating an older version of the protobuf format. Loading default values.
W0315 18:27:14.255102 77173 grid_2d.cc:37] proto::Grid2D: max_correspondence_cost is initialized with 0 indicating an older version of the protobuf format. Loading default values.
W0315 18:27:14.255610 77173 grid_2d.cc:25] proto::Grid2D: min_correspondence_cost is initialized with 0 indicating an older version of the protobuf format. Loading default values.
W0315 18:27:14.255620 77173 grid_2d.cc:37] proto::Grid2D: max_correspondence_cost is initialized with 0 indicating an older version of the protobuf format. Loading default values.
[       OK ] OverlappingSubmapsTrimmer2DTest.TestTransformations (0 ms)
[----------] 7 tests from OverlappingSubmapsTrimmer2DTest (3 ms total)

[----------] Global test environment tear-down
[==========] 7 tests from 1 test suite ran. (3 ms total)
[  PASSED  ] 7 tests.
<end of output>
Test time =   0.01 sec
----------------------------------------------------------
Test Passed.
"cartographer.mapping.internal.2d.overlapping_submaps_trimmer_2d_test" end time: Mar 15 18:27 IST
"cartographer.mapping.internal.2d.overlapping_submaps_trimmer_2d_test" time elapsed: 00:00:00
----------------------------------------------------------

28/80 Testing: cartographer.mapping.internal.2d.pose_graph_2d_test
28/80 Test: cartographer.mapping.internal.2d.pose_graph_2d_test
Command: "/home/tolasing/ros2_ws/build/cartographer.mapping.internal.2d.pose_graph_2d_test"
Directory: /home/tolasing/ros2_ws/build
"cartographer.mapping.internal.2d.pose_graph_2d_test" start time: Mar 15 18:27 IST
Output:
----------------------------------------------------------
Running main() from gmock_main.cc
[==========] Running 5 tests from 1 test suite.
[----------] Global test environment set-up.
[----------] 5 tests from PoseGraph2DTest
[ RUN      ] PoseGraph2DTest.EmptyMap
WARNING: Logging before InitGoogleLogging() is written to STDERR
I0315 18:27:14.277231 77175 pose_graph_2d.cc:538] Remaining work items in queue: 1
I0315 18:27:14.277408 77175 constraint_builder_2d.cc:290] 0 computations resulted in 0 additional constraints.
I0315 18:27:14.277418 77175 constraint_builder_2d.cc:292] Score histogram:
Count: 0
I0315 18:27:14.277458 77175 constraint_builder_2d.cc:290] 0 computations resulted in 0 additional constraints.
I0315 18:27:14.277467 77175 constraint_builder_2d.cc:292] Score histogram:
Count: 0
[KOptimizing: Done.     
I0315 18:27:14.277511 77175 constraint_builder_2d.cc:290] 0 computations resulted in 0 additional constraints.
I0315 18:27:14.277519 77175 constraint_builder_2d.cc:292] Score histogram:
Count: 0
[KOptimizing: Done.     
[       OK ] PoseGraph2DTest.EmptyMap (3 ms)
[ RUN      ] PoseGraph2DTest.NoMovement
I0315 18:27:14.283161 77174 pose_graph_2d.cc:148] Inserted submap (0, 0).
I0315 18:27:14.287499 77174 pose_graph_2d.cc:148] Inserted submap (0, 1).
I0315 18:27:14.291291 77174 pose_graph_2d.cc:148] Inserted submap (0, 2).
I0315 18:27:14.291383 77176 pose_graph_2d.cc:538] Remaining work items in queue: 1
I0315 18:27:14.319679 77176 constraint_builder_2d.cc:275] Node (0, 2) with 1257 points on submap (0, 0) differs by translation 0.00 rotation 0.001 with score 56.1%.
I0315 18:27:14.340525 77176 constraint_builder_2d.cc:275] Node (0, 0) with 1257 points on submap (0, 1) differs by translation 0.00 rotation 0.001 with score 56.1%.
I0315 18:27:14.340541 77176 constraint_builder_2d.cc:290] 2 computations resulted in 2 additional constraints.
I0315 18:27:14.340544 77176 constraint_builder_2d.cc:292] Score histogram:
Count: 2  Min: 0.561176  Max: 0.561176  Mean: 0.561176
I0315 18:27:14.341437 77176 optimization_problem_2d.cc:409] 
Solver Summary (v 2.0.0-eigen-(3.4.0)-lapack-suitesparse-(5.10.1)-cxsparse-(3.2.0)-eigensparse-no_openmp)

                                     Original                  Reduced
Parameter blocks                            6                        5
Parameters                                 18                       15
Residual blocks                             9                        9
Residuals                                  27                       27

Minimizer                        TRUST_REGION

Sparse linear algebra library    SUITE_SPARSE
Trust region strategy     LEVENBERG_MARQUARDT

                                        Given                     Used
Linear solver          SPARSE_NORMAL_CHOLESKY   SPARSE_NORMAL_CHOLESKY
Threads                                     1                        1
Linear solver ordering              AUTOMATIC                        5

Cost:
Initial                          1.111030e-05
Final                            5.555148e-06
Change                           5.555147e-06

Minimizer iterations                        2
Successful steps                            2
Unsuccessful steps                          0

Time (in seconds):
Preprocessor                         0.000375

  Residual only evaluation           0.000003 (2)
  Jacobian & residual evaluation     0.000015 (2)
  Linear solver                      0.000444 (2)
Minimizer                            0.000486

Postprocessor                        0.000001
Total                                0.000863

Termination:                      CONVERGENCE (Function tolerance reached. |cost_change|/cost: 4.246752e-08 <= 1.000000e-06)
I0315 18:27:14.341513 77176 constraint_builder_2d.cc:290] 0 computations resulted in 0 additional constraints.
I0315 18:27:14.341517 77176 constraint_builder_2d.cc:292] Score histogram:
Count: 2  Min: 0.561176  Max: 0.561176  Mean: 0.561176
[KOptimizing: Done.     
I0315 18:27:14.341557 77176 constraint_builder_2d.cc:290] 0 computations resulted in 0 additional constraints.
I0315 18:27:14.341562 77176 constraint_builder_2d.cc:292] Score histogram:
Count: 2  Min: 0.561176  Max: 0.561176  Mean: 0.561176
[KOptimizing: Done.     
[       OK ] PoseGraph2DTest.NoMovement (64 ms)
[ RUN      ] PoseGraph2DTest.NoOverlappingNodes
I0315 18:27:14.348459 77174 pose_graph_2d.cc:148] Inserted submap (0, 0).
I0315 18:27:14.367447 77174 pose_graph_2d.cc:148] Inserted submap (0, 1).
I0315 18:27:14.393733 77174 pose_graph_2d.cc:148] Inserted submap (0, 2).
I0315 18:27:14.416723 77174 pose_graph_2d.cc:148] Inserted submap (0, 3).
I0315 18:27:14.479449 77177 constraint_builder_2d.cc:275] Node (0, 0) with 1257 points on submap (0, 1) differs by translation 0.01 rotation 0.001 with score 56.1%.
I0315 18:27:14.479490 77177 pose_graph_2d.cc:538] Remaining work items in queue: 1
I0315 18:27:14.540609 77177 constraint_builder_2d.cc:275] Node (0, 1) with 1257 points on submap (0, 2) differs by translation 0.01 rotation 0.000 with score 56.1%.
I0315 18:27:14.540635 77177 constraint_builder_2d.cc:290] 2 computations resulted in 2 additional constraints.
I0315 18:27:14.540638 77177 constraint_builder_2d.cc:292] Score histogram:
Count: 2  Min: 0.561176  Max: 0.561176  Mean: 0.561176
I0315 18:27:14.540807 77177 optimization_problem_2d.cc:409] 
Solver Summary (v 2.0.0-eigen-(3.4.0)-lapack-suitesparse-(5.10.1)-cxsparse-(3.2.0)-eigensparse-no_openmp)

                                     Original                  Reduced
Parameter blocks                            8                        7
Parameters                                 24                       21
Residual blocks                            12                       12
Residuals                                  36                       36

Minimizer                        TRUST_REGION

Sparse linear algebra library    SUITE_SPARSE
Trust region strategy     LEVENBERG_MARQUARDT

                                        Given                     Used
Linear solver          SPARSE_NORMAL_CHOLESKY   SPARSE_NORMAL_CHOLESKY
Threads                                     1                        1
Linear solver ordering              AUTOMATIC                        7

Cost:
Initial                          6.679284e-05
Final                            1.251613e-05
Change                           5.427671e-05

Minimizer iterations                        3
Successful steps                            3
Unsuccessful steps                          0

Time (in seconds):
Preprocessor                         0.000042

  Residual only evaluation           0.000005 (3)
  Jacobian & residual evaluation     0.000015 (3)
  Linear solver                      0.000049 (3)
Minimizer                            0.000096

Postprocessor                        0.000002
Total                                0.000140

Termination:                      CONVERGENCE (Function tolerance reached. |cost_change|/cost: 3.071529e-10 <= 1.000000e-06)
I0315 18:27:14.540881 77177 constraint_builder_2d.cc:290] 0 computations resulted in 0 additional constraints.
I0315 18:27:14.540885 77177 constraint_builder_2d.cc:292] Score histogram:
Count: 2  Min: 0.561176  Max: 0.561176  Mean: 0.561176
[KOptimizing: Done.     
I0315 18:27:14.540926 77177 constraint_builder_2d.cc:290] 0 computations resulted in 0 additional constraints.
I0315 18:27:14.540930 77177 constraint_builder_2d.cc:292] Score histogram:
Count: 2  Min: 0.561176  Max: 0.561176  Mean: 0.561176
[KOptimizing: Done.     
[       OK ] PoseGraph2DTest.NoOverlappingNodes (200 ms)
[ RUN      ] PoseGraph2DTest.ConsecutivelyOverlappingNodes
I0315 18:27:14.545881 77174 pose_graph_2d.cc:148] Inserted submap (0, 0).
I0315 18:27:14.551609 77174 pose_graph_2d.cc:148] Inserted submap (0, 1).
I0315 18:27:14.559680 77174 pose_graph_2d.cc:148] Inserted submap (0, 2).
I0315 18:27:14.570333 77174 pose_graph_2d.cc:148] Inserted submap (0, 3).
I0315 18:27:14.584323 77174 pose_graph_2d.cc:148] Inserted submap (0, 4).
I0315 18:27:14.637858 77187 constraint_builder_2d.cc:275] Node (0, 2) with 1257 points on submap (0, 0) differs by translation 0.01 rotation 0.000 with score 56.1%.
I0315 18:27:14.656754 77187 constraint_builder_2d.cc:275] Node (0, 0) with 1257 points on submap (0, 1) differs by translation 0.01 rotation 0.001 with score 56.1%.
I0315 18:27:14.656805 77187 pose_graph_2d.cc:538] Remaining work items in queue: 1
I0315 18:27:14.704584 77187 constraint_builder_2d.cc:275] Node (0, 3) with 1257 points on submap (0, 1) differs by translation 0.01 rotation 0.001 with score 56.1%.
I0315 18:27:14.731556 77187 constraint_builder_2d.cc:275] Node (0, 1) with 1257 points on submap (0, 2) differs by translation 0.01 rotation 0.001 with score 56.1%.
I0315 18:27:14.787916 77187 constraint_builder_2d.cc:275] Node (0, 4) with 1257 points on submap (0, 2) differs by translation 0.01 rotation 0.000 with score 56.1%.
I0315 18:27:14.808449 77187 constraint_builder_2d.cc:275] Node (0, 0) with 1257 points on submap (0, 2) differs by translation 0.01 rotation 0.001 with score 56.1%.
I0315 18:27:14.847311 77187 constraint_builder_2d.cc:275] Node (0, 2) with 1257 points on submap (0, 3) differs by translation 0.01 rotation 0.000 with score 56.1%.
I0315 18:27:14.875689 77187 constraint_builder_2d.cc:275] Node (0, 1) with 1257 points on submap (0, 3) differs by translation 0.01 rotation 0.000 with score 56.1%.
I0315 18:27:14.875705 77187 constraint_builder_2d.cc:290] 8 computations resulted in 8 additional constraints.
I0315 18:27:14.875706 77187 constraint_builder_2d.cc:292] Score histogram:
Count: 8  Min: 0.561176  Max: 0.561176  Mean: 0.561176
I0315 18:27:14.875881 77187 optimization_problem_2d.cc:409] 
Solver Summary (v 2.0.0-eigen-(3.4.0)-lapack-suitesparse-(5.10.1)-cxsparse-(3.2.0)-eigensparse-no_openmp)

                                     Original                  Reduced
Parameter blocks                           10                        9
Parameters                                 30                       27
Residual blocks                            21                       21
Residuals                                  63                       63

Minimizer                        TRUST_REGION

Sparse linear algebra library    SUITE_SPARSE
Trust region strategy     LEVENBERG_MARQUARDT

                                        Given                     Used
Linear solver          SPARSE_NORMAL_CHOLESKY   SPARSE_NORMAL_CHOLESKY
Threads                                     1                        1
Linear solver ordering              AUTOMATIC                        9

Cost:
Initial                          2.406310e-04
Final                            1.072362e-04
Change                           1.333948e-04

Minimizer iterations                        2
Successful steps                            2
Unsuccessful steps                          0

Time (in seconds):
Preprocessor                         0.000039

  Residual only evaluation           0.000006 (2)
  Jacobian & residual evaluation     0.000016 (2)
  Linear solver                      0.000054 (2)
Minimizer                            0.000100

Postprocessor                        0.000002
Total                                0.000141

Termination:                      CONVERGENCE (Function tolerance reached. |cost_change|/cost: 2.274213e-07 <= 1.000000e-06)
I0315 18:27:14.875979 77187 constraint_builder_2d.cc:290] 0 computations resulted in 0 additional constraints.
I0315 18:27:14.875983 77187 constraint_builder_2d.cc:292] Score histogram:
Count: 8  Min: 0.561176  Max: 0.561176  Mean: 0.561176
[KOptimizing: Done.     
I0315 18:27:14.876030 77187 constraint_builder_2d.cc:290] 0 computations resulted in 0 additional constraints.
I0315 18:27:14.876034 77187 constraint_builder_2d.cc:292] Score histogram:
Count: 8  Min: 0.561176  Max: 0.561176  Mean: 0.561176
[KOptimizing: Done.     
[       OK ] PoseGraph2DTest.ConsecutivelyOverlappingNodes (334 ms)
[ RUN      ] PoseGraph2DTest.OverlappingNodes
I0315 18:27:14.880028 77174 pose_graph_2d.cc:148] Inserted submap (0, 0).
I0315 18:27:14.883038 77174 pose_graph_2d.cc:148] Inserted submap (0, 1).
I0315 18:27:14.886570 77174 pose_graph_2d.cc:148] Inserted submap (0, 2).
I0315 18:27:14.890347 77174 pose_graph_2d.cc:148] Inserted submap (0, 3).
I0315 18:27:14.894546 77174 pose_graph_2d.cc:148] Inserted submap (0, 4).
I0315 18:27:14.905905 77188 constraint_builder_2d.cc:275] Node (0, 2) with 1257 points on submap (0, 0) differs by translation 0.08 rotation 0.005 with score 52.6%.
I0315 18:27:14.924157 77188 constraint_builder_2d.cc:275] Node (0, 0) with 1257 points on submap (0, 1) differs by translation 0.11 rotation 0.111 with score 52.9%.
I0315 18:27:14.924233 77188 pose_graph_2d.cc:538] Remaining work items in queue: 1
I0315 18:27:14.941756 77188 constraint_builder_2d.cc:275] Node (0, 3) with 1257 points on submap (0, 0) differs by translation 0.10 rotation 0.009 with score 52.0%.
I0315 18:27:14.958861 77188 constraint_builder_2d.cc:275] Node (0, 3) with 1257 points on submap (0, 1) differs by translation 0.10 rotation 0.007 with score 52.3%.
I0315 18:27:14.976572 77188 constraint_builder_2d.cc:275] Node (0, 4) with 1257 points on submap (0, 0) differs by translation 0.11 rotation 0.031 with score 51.3%.
I0315 18:27:14.992792 77188 constraint_builder_2d.cc:275] Node (0, 4) with 1257 points on submap (0, 1) differs by translation 0.10 rotation 0.032 with score 52.1%.
I0315 18:27:15.009685 77188 constraint_builder_2d.cc:275] Node (0, 1) with 1257 points on submap (0, 2) differs by translation 0.11 rotation 0.003 with score 52.3%.
I0315 18:27:15.030722 77188 constraint_builder_2d.cc:275] Node (0, 0) with 1257 points on submap (0, 2) differs by translation 0.08 rotation 0.004 with score 52.4%.
I0315 18:27:15.048489 77188 constraint_builder_2d.cc:275] Node (0, 4) with 1257 points on submap (0, 2) differs by translation 0.08 rotation 0.034 with score 50.9%.
I0315 18:27:15.066735 77188 constraint_builder_2d.cc:275] Node (0, 0) with 1257 points on submap (0, 3) differs by translation 0.01 rotation 0.107 with score 53.0%.
I0315 18:27:15.082521 77188 constraint_builder_2d.cc:275] Node (0, 1) with 1257 points on submap (0, 3) differs by translation 0.11 rotation 0.005 with score 53.1%.
I0315 18:27:15.097743 77188 constraint_builder_2d.cc:275] Node (0, 2) with 1257 points on submap (0, 3) differs by translation 0.20 rotation 0.128 with score 52.8%.
I0315 18:27:15.097756 77188 constraint_builder_2d.cc:290] 12 computations resulted in 12 additional constraints.
I0315 18:27:15.097759 77188 constraint_builder_2d.cc:292] Score histogram:
Count: 12  Min: 0.509383  Max: 0.531147  Mean: 0.523168
[0.509383, 0.511559)	                  ##	Count: 1 (8.33333%)	Total: 1 (8.33333%)
[0.511559, 0.513736)	                  ##	Count: 1 (8.33333%)	Total: 2 (16.6667%)
[0.513736, 0.515912)	                    	Count: 0 (0%)	Total: 2 (16.6667%)
[0.515912, 0.518088)	                    	Count: 0 (0%)	Total: 2 (16.6667%)
[0.518088, 0.520265)	                  ##	Count: 1 (8.33333%)	Total: 3 (25%)
[0.520265, 0.522441)	                  ##	Count: 1 (8.33333%)	Total: 4 (33.3333%)
[0.522441, 0.524618)	               #####	Count: 3 (25%)	Total: 7 (58.3333%)
[0.524618, 0.526794)	                  ##	Count: 1 (8.33333%)	Total: 8 (66.6667%)
[0.526794, 0.528970)	                 ###	Count: 2 (16.6667%)	Total: 10 (83.3333%)
[0.528970, 0.531147]	                 ###	Count: 2 (16.6667%)	Total: 12 (100%)
I0315 18:27:15.097990 77188 optimization_problem_2d.cc:409] 
Solver Summary (v 2.0.0-eigen-(3.4.0)-lapack-suitesparse-(5.10.1)-cxsparse-(3.2.0)-eigensparse-no_openmp)

                                     Original                  Reduced
Parameter blocks                           10                        9
Parameters                                 30                       27
Residual blocks                            25                       25
Residuals                                  75                       75

Minimizer                        TRUST_REGION

Sparse linear algebra library    SUITE_SPARSE
Trust region strategy     LEVENBERG_MARQUARDT

                                        Given                     Used
Linear solver          SPARSE_NORMAL_CHOLESKY   SPARSE_NORMAL_CHOLESKY
Threads                                     1                        1
Linear solver ordering              AUTOMATIC                        9

Cost:
Initial                          9.121739e-02
Final                            2.690792e-02
Change                           6.430947e-02

Minimizer iterations                        3
Successful steps                            3
Unsuccessful steps                          0

Time (in seconds):
Preprocessor                         0.000041

  Residual only evaluation           0.000009 (3)
  Jacobian & residual evaluation     0.000025 (3)
  Linear solver                      0.000068 (3)
Minimizer                            0.000133

Postprocessor                        0.000002
Total                                0.000176

Termination:                      CONVERGENCE (Function tolerance reached. |cost_change|/cost: 3.778029e-07 <= 1.000000e-06)
I0315 18:27:15.098070 77188 constraint_builder_2d.cc:290] 0 computations resulted in 0 additional constraints.
I0315 18:27:15.098074 77188 constraint_builder_2d.cc:292] Score histogram:
Count: 12  Min: 0.509383  Max: 0.531147  Mean: 0.523168
[0.509383, 0.511559)	                  ##	Count: 1 (8.33333%)	Total: 1 (8.33333%)
[0.511559, 0.513736)	                  ##	Count: 1 (8.33333%)	Total: 2 (16.6667%)
[0.513736, 0.515912)	                    	Count: 0 (0%)	Total: 2 (16.6667%)
[0.515912, 0.518088)	                    	Count: 0 (0%)	Total: 2 (16.6667%)
[0.518088, 0.520265)	                  ##	Count: 1 (8.33333%)	Total: 3 (25%)
[0.520265, 0.522441)	                  ##	Count: 1 (8.33333%)	Total: 4 (33.3333%)
[0.522441, 0.524618)	               #####	Count: 3 (25%)	Total: 7 (58.3333%)
[0.524618, 0.526794)	                  ##	Count: 1 (8.33333%)	Total: 8 (66.6667%)
[0.526794, 0.528970)	                 ###	Count: 2 (16.6667%)	Total: 10 (83.3333%)
[0.528970, 0.531147]	                 ###	Count: 2 (16.6667%)	Total: 12 (100%)
[KOptimizing: Done.     
I0315 18:27:15.098137 77188 constraint_builder_2d.cc:290] 0 computations resulted in 0 additional constraints.
I0315 18:27:15.098140 77188 constraint_builder_2d.cc:292] Score histogram:
Count: 12  Min: 0.509383  Max: 0.531147  Mean: 0.523168
[0.509383, 0.511559)	                  ##	Count: 1 (8.33333%)	Total: 1 (8.33333%)
[0.511559, 0.513736)	                  ##	Count: 1 (8.33333%)	Total: 2 (16.6667%)
[0.513736, 0.515912)	                    	Count: 0 (0%)	Total: 2 (16.6667%)
[0.515912, 0.518088)	                    	Count: 0 (0%)	Total: 2 (16.6667%)
[0.518088, 0.520265)	                  ##	Count: 1 (8.33333%)	Total: 3 (25%)
[0.520265, 0.522441)	                  ##	Count: 1 (8.33333%)	Total: 4 (33.3333%)
[0.522441, 0.524618)	               #####	Count: 3 (25%)	Total: 7 (58.3333%)
[0.524618, 0.526794)	                  ##	Count: 1 (8.33333%)	Total: 8 (66.6667%)
[0.526794, 0.528970)	                 ###	Count: 2 (16.6667%)	Total: 10 (83.3333%)
[0.528970, 0.531147]	                 ###	Count: 2 (16.6667%)	Total: 12 (100%)
[KOptimizing: Done.     
[       OK ] PoseGraph2DTest.OverlappingNodes (222 ms)
[----------] 5 tests from PoseGraph2DTest (824 ms total)

[----------] Global test environment tear-down
[==========] 5 tests from 1 test suite ran. (824 ms total)
[  PASSED  ] 5 tests.
<end of output>
Test time =   0.84 sec
----------------------------------------------------------
Test Passed.
"cartographer.mapping.internal.2d.pose_graph_2d_test" end time: Mar 15 18:27 IST
"cartographer.mapping.internal.2d.pose_graph_2d_test" time elapsed: 00:00:00
----------------------------------------------------------

29/80 Testing: cartographer.mapping.internal.2d.ray_to_pixel_mask_test
29/80 Test: cartographer.mapping.internal.2d.ray_to_pixel_mask_test
Command: "/home/tolasing/ros2_ws/build/cartographer.mapping.internal.2d.ray_to_pixel_mask_test"
Directory: /home/tolasing/ros2_ws/build
"cartographer.mapping.internal.2d.ray_to_pixel_mask_test" start time: Mar 15 18:27 IST
Output:
----------------------------------------------------------
Running main() from gmock_main.cc
[==========] Running 8 tests from 1 test suite.
[----------] Global test environment set-up.
[----------] 8 tests from RayToPixelMaskTest
[ RUN      ] RayToPixelMaskTest.SingleCell
[       OK ] RayToPixelMaskTest.SingleCell (0 ms)
[ RUN      ] RayToPixelMaskTest.AxisAlignedX
[       OK ] RayToPixelMaskTest.AxisAlignedX (0 ms)
[ RUN      ] RayToPixelMaskTest.AxisAlignedY
[       OK ] RayToPixelMaskTest.AxisAlignedY (0 ms)
[ RUN      ] RayToPixelMaskTest.Diagonal
[       OK ] RayToPixelMaskTest.Diagonal (0 ms)
[ RUN      ] RayToPixelMaskTest.SteepLine
[       OK ] RayToPixelMaskTest.SteepLine (0 ms)
[ RUN      ] RayToPixelMaskTest.FlatLine
[       OK ] RayToPixelMaskTest.FlatLine (0 ms)
[ RUN      ] RayToPixelMaskTest.MultiScaleAxisAlignedX
[       OK ] RayToPixelMaskTest.MultiScaleAxisAlignedX (0 ms)
[ RUN      ] RayToPixelMaskTest.MultiScaleSkewedLine
[       OK ] RayToPixelMaskTest.MultiScaleSkewedLine (0 ms)
[----------] 8 tests from RayToPixelMaskTest (0 ms total)

[----------] Global test environment tear-down
[==========] 8 tests from 1 test suite ran. (0 ms total)
[  PASSED  ] 8 tests.
<end of output>
Test time =   0.00 sec
----------------------------------------------------------
Test Passed.
"cartographer.mapping.internal.2d.ray_to_pixel_mask_test" end time: Mar 15 18:27 IST
"cartographer.mapping.internal.2d.ray_to_pixel_mask_test" time elapsed: 00:00:00
----------------------------------------------------------

30/80 Testing: cartographer.mapping.internal.2d.scan_matching.ceres_scan_matcher_2d_test
30/80 Test: cartographer.mapping.internal.2d.scan_matching.ceres_scan_matcher_2d_test
Command: "/home/tolasing/ros2_ws/build/cartographer.mapping.internal.2d.scan_matching.ceres_scan_matcher_2d_test"
Directory: /home/tolasing/ros2_ws/build
"cartographer.mapping.internal.2d.scan_matching.ceres_scan_matcher_2d_test" start time: Mar 15 18:27 IST
Output:
----------------------------------------------------------
Running main() from gmock_main.cc
[==========] Running 4 tests from 1 test suite.
[----------] Global test environment set-up.
[----------] 4 tests from CeresScanMatcherTest
[ RUN      ] CeresScanMatcherTest.testPerfectEstimate
[       OK ] CeresScanMatcherTest.testPerfectEstimate (0 ms)
[ RUN      ] CeresScanMatcherTest.testOptimizeAlongX
[       OK ] CeresScanMatcherTest.testOptimizeAlongX (0 ms)
[ RUN      ] CeresScanMatcherTest.testOptimizeAlongY
[       OK ] CeresScanMatcherTest.testOptimizeAlongY (0 ms)
[ RUN      ] CeresScanMatcherTest.testOptimizeAlongXY
[       OK ] CeresScanMatcherTest.testOptimizeAlongXY (0 ms)
[----------] 4 tests from CeresScanMatcherTest (3 ms total)

[----------] Global test environment tear-down
[==========] 4 tests from 1 test suite ran. (3 ms total)
[  PASSED  ] 4 tests.
<end of output>
Test time =   0.01 sec
----------------------------------------------------------
Test Passed.
"cartographer.mapping.internal.2d.scan_matching.ceres_scan_matcher_2d_test" end time: Mar 15 18:27 IST
"cartographer.mapping.internal.2d.scan_matching.ceres_scan_matcher_2d_test" time elapsed: 00:00:00
----------------------------------------------------------

31/80 Testing: cartographer.mapping.internal.2d.scan_matching.correlative_scan_matcher_test
31/80 Test: cartographer.mapping.internal.2d.scan_matching.correlative_scan_matcher_test
Command: "/home/tolasing/ros2_ws/build/cartographer.mapping.internal.2d.scan_matching.correlative_scan_matcher_test"
Directory: /home/tolasing/ros2_ws/build
"cartographer.mapping.internal.2d.scan_matching.correlative_scan_matcher_test" start time: Mar 15 18:27 IST
Output:
----------------------------------------------------------
Running main() from gmock_main.cc
[==========] Running 4 tests from 4 test suites.
[----------] Global test environment set-up.
[----------] 1 test from SearchParameters
[ RUN      ] SearchParameters.Construction
[       OK ] SearchParameters.Construction (0 ms)
[----------] 1 test from SearchParameters (0 ms total)

[----------] 1 test from Candidate
[ RUN      ] Candidate.Construction
[       OK ] Candidate.Construction (0 ms)
[----------] 1 test from Candidate (0 ms total)

[----------] 1 test from GenerateRotatedScans
[ RUN      ] GenerateRotatedScans.GenerateRotatedScans
[       OK ] GenerateRotatedScans.GenerateRotatedScans (0 ms)
[----------] 1 test from GenerateRotatedScans (0 ms total)

[----------] 1 test from DiscretizeScans
[ RUN      ] DiscretizeScans.DiscretizeScans
[       OK ] DiscretizeScans.DiscretizeScans (0 ms)
[----------] 1 test from DiscretizeScans (0 ms total)

[----------] Global test environment tear-down
[==========] 4 tests from 4 test suites ran. (0 ms total)
[  PASSED  ] 4 tests.
<end of output>
Test time =   0.01 sec
----------------------------------------------------------
Test Passed.
"cartographer.mapping.internal.2d.scan_matching.correlative_scan_matcher_test" end time: Mar 15 18:27 IST
"cartographer.mapping.internal.2d.scan_matching.correlative_scan_matcher_test" time elapsed: 00:00:00
----------------------------------------------------------

32/80 Testing: cartographer.mapping.internal.2d.scan_matching.fast_correlative_scan_matcher_2d_test
32/80 Test: cartographer.mapping.internal.2d.scan_matching.fast_correlative_scan_matcher_2d_test
Command: "/home/tolasing/ros2_ws/build/cartographer.mapping.internal.2d.scan_matching.fast_correlative_scan_matcher_2d_test"
Directory: /home/tolasing/ros2_ws/build
"cartographer.mapping.internal.2d.scan_matching.fast_correlative_scan_matcher_2d_test" start time: Mar 15 18:27 IST
Output:
----------------------------------------------------------
Running main() from gmock_main.cc
[==========] Running 4 tests from 2 test suites.
[----------] Global test environment set-up.
[----------] 2 tests from PrecomputationGridTest
[ RUN      ] PrecomputationGridTest.CorrectValues
[       OK ] PrecomputationGridTest.CorrectValues (50 ms)
[ RUN      ] PrecomputationGridTest.TinyProbabilityGrid
[       OK ] PrecomputationGridTest.TinyProbabilityGrid (2 ms)
[----------] 2 tests from PrecomputationGridTest (52 ms total)

[----------] 2 tests from FastCorrelativeScanMatcherTest
[ RUN      ] FastCorrelativeScanMatcherTest.CorrectPose
[       OK ] FastCorrelativeScanMatcherTest.CorrectPose (1297 ms)
[ RUN      ] FastCorrelativeScanMatcherTest.FullSubmapMatching
[       OK ] FastCorrelativeScanMatcherTest.FullSubmapMatching (608 ms)
[----------] 2 tests from FastCorrelativeScanMatcherTest (1905 ms total)

[----------] Global test environment tear-down
[==========] 4 tests from 2 test suites ran. (1958 ms total)
[  PASSED  ] 4 tests.
<end of output>
Test time =   1.97 sec
----------------------------------------------------------
Test Passed.
"cartographer.mapping.internal.2d.scan_matching.fast_correlative_scan_matcher_2d_test" end time: Mar 15 18:27 IST
"cartographer.mapping.internal.2d.scan_matching.fast_correlative_scan_matcher_2d_test" time elapsed: 00:00:01
----------------------------------------------------------

33/80 Testing: cartographer.mapping.internal.2d.scan_matching.interpolated_tsdf_2d_test
33/80 Test: cartographer.mapping.internal.2d.scan_matching.interpolated_tsdf_2d_test
Command: "/home/tolasing/ros2_ws/build/cartographer.mapping.internal.2d.scan_matching.interpolated_tsdf_2d_test"
Directory: /home/tolasing/ros2_ws/build
"cartographer.mapping.internal.2d.scan_matching.interpolated_tsdf_2d_test" start time: Mar 15 18:27 IST
Output:
----------------------------------------------------------
Running main() from gmock_main.cc
[==========] Running 2 tests from 1 test suite.
[----------] Global test environment set-up.
[----------] 2 tests from InterpolatedTSDF2DTest
[ RUN      ] InterpolatedTSDF2DTest.InterpolatesGridPoints
[       OK ] InterpolatedTSDF2DTest.InterpolatesGridPoints (0 ms)
[ RUN      ] InterpolatedTSDF2DTest.InterpolatesWithinCell
[       OK ] InterpolatedTSDF2DTest.InterpolatesWithinCell (0 ms)
[----------] 2 tests from InterpolatedTSDF2DTest (1 ms total)

[----------] Global test environment tear-down
[==========] 2 tests from 1 test suite ran. (1 ms total)
[  PASSED  ] 2 tests.
<end of output>
Test time =   0.01 sec
----------------------------------------------------------
Test Passed.
"cartographer.mapping.internal.2d.scan_matching.interpolated_tsdf_2d_test" end time: Mar 15 18:27 IST
"cartographer.mapping.internal.2d.scan_matching.interpolated_tsdf_2d_test" time elapsed: 00:00:00
----------------------------------------------------------

34/80 Testing: cartographer.mapping.internal.2d.scan_matching.occupied_space_cost_function_2d_test
34/80 Test: cartographer.mapping.internal.2d.scan_matching.occupied_space_cost_function_2d_test
[...]
----------------------------------------------------------
Test Passed.
"cartographer.mapping.value_conversion_tables_test" end time: Mar 15 18:27 IST
"cartographer.mapping.value_conversion_tables_test" time elapsed: 00:00:00
----------------------------------------------------------

68/80 Testing: cartographer.sensor.compressed_point_cloud_test
68/80 Test: cartographer.sensor.compressed_point_cloud_test
Command: "/home/tolasing/ros2_ws/build/cartographer.sensor.compressed_point_cloud_test"
Directory: /home/tolasing/ros2_ws/build
"cartographer.sensor.compressed_point_cloud_test" start time: Mar 15 18:27 IST
Output:
----------------------------------------------------------
Running main() from gmock_main.cc
[==========] Running 4 tests from 1 test suite.
[----------] Global test environment set-up.
[----------] 4 tests from CompressPointCloudTest
[ RUN      ] CompressPointCloudTest.CompressesPointsCorrectly
[       OK ] CompressPointCloudTest.CompressesPointsCorrectly (220 ms)
[ RUN      ] CompressPointCloudTest.Compresses
[       OK ] CompressPointCloudTest.Compresses (0 ms)
[ RUN      ] CompressPointCloudTest.CompressesEmptyPointCloud
[       OK ] CompressPointCloudTest.CompressesEmptyPointCloud (0 ms)
[ RUN      ] CompressPointCloudTest.CompressesNoGaps
[       OK ] CompressPointCloudTest.CompressesNoGaps (0 ms)
[----------] 4 tests from CompressPointCloudTest (220 ms total)

[----------] Global test environment tear-down
[==========] 4 tests from 1 test suite ran. (220 ms total)
[  PASSED  ] 4 tests.
<end of output>
Test time =   0.23 sec
----------------------------------------------------------
Test Passed.
"cartographer.sensor.compressed_point_cloud_test" end time: Mar 15 18:27 IST
"cartographer.sensor.compressed_point_cloud_test" time elapsed: 00:00:00
----------------------------------------------------------

69/80 Testing: cartographer.sensor.internal.collator_test
69/80 Test: cartographer.sensor.internal.collator_test
Command: "/home/tolasing/ros2_ws/build/cartographer.sensor.internal.collator_test"
Directory: /home/tolasing/ros2_ws/build
"cartographer.sensor.internal.collator_test" start time: Mar 15 18:27 IST
Output:
----------------------------------------------------------
Running main() from gmock_main.cc
[==========] Running 2 tests from 1 test suite.
[----------] Global test environment set-up.
[----------] 2 tests from Collator
[ RUN      ] Collator.Ordering
WARNING: Logging before InitGoogleLogging() is written to STDERR
I0315 18:27:26.343657 78138 ordered_multi_queue.cc:172] All sensor data for trajectory 0 is available starting at '0'.
[       OK ] Collator.Ordering (0 ms)
[ RUN      ] Collator.OrderingMultipleTrajectories
I0315 18:27:26.343739 78138 ordered_multi_queue.cc:172] All sensor data for trajectory 5 is available starting at '0'.
I0315 18:27:26.343746 78138 ordered_multi_queue.cc:172] All sensor data for trajectory 8 is available starting at '0'.
[       OK ] Collator.OrderingMultipleTrajectories (0 ms)
[----------] 2 tests from Collator (0 ms total)

[----------] Global test environment tear-down
[==========] 2 tests from 1 test suite ran. (0 ms total)
[  PASSED  ] 2 tests.
<end of output>
Test time =   0.00 sec
----------------------------------------------------------
Test Passed.
"cartographer.sensor.internal.collator_test" end time: Mar 15 18:27 IST
"cartographer.sensor.internal.collator_test" time elapsed: 00:00:00
----------------------------------------------------------

70/80 Testing: cartographer.sensor.internal.ordered_multi_queue_test
70/80 Test: cartographer.sensor.internal.ordered_multi_queue_test
Command: "/home/tolasing/ros2_ws/build/cartographer.sensor.internal.ordered_multi_queue_test"
Directory: /home/tolasing/ros2_ws/build
"cartographer.sensor.internal.ordered_multi_queue_test" start time: Mar 15 18:27 IST
Output:
----------------------------------------------------------
Running main() from gmock_main.cc
[==========] Running 3 tests from 1 test suite.
[----------] Global test environment set-up.
[----------] 3 tests from OrderedMultiQueueTest
[ RUN      ] OrderedMultiQueueTest.Ordering
WARNING: Logging before InitGoogleLogging() is written to STDERR
I0315 18:27:26.349085 78139 ordered_multi_queue.cc:172] All sensor data for trajectory 1 is available starting at '0'.
I0315 18:27:26.349133 78139 ordered_multi_queue.cc:172] All sensor data for trajectory 2 is available starting at '0'.
[       OK ] OrderedMultiQueueTest.Ordering (0 ms)
[ RUN      ] OrderedMultiQueueTest.MarkQueueAsFinished
I0315 18:27:26.349159 78139 ordered_multi_queue.cc:172] All sensor data for trajectory 1 is available starting at '1'.
[       OK ] OrderedMultiQueueTest.MarkQueueAsFinished (0 ms)
[ RUN      ] OrderedMultiQueueTest.CommonStartTimePerTrajectory
I0315 18:27:26.349169 78139 ordered_multi_queue.cc:172] All sensor data for trajectory 1 is available starting at '2'.
I0315 18:27:26.349176 78139 ordered_multi_queue.cc:172] All sensor data for trajectory 2 is available starting at '4'.
[       OK ] OrderedMultiQueueTest.CommonStartTimePerTrajectory (0 ms)
[----------] 3 tests from OrderedMultiQueueTest (0 ms total)

[----------] Global test environment tear-down
[==========] 3 tests from 1 test suite ran. (0 ms total)
[  PASSED  ] 3 tests.
<end of output>
Test time =   0.00 sec
----------------------------------------------------------
Test Passed.
"cartographer.sensor.internal.ordered_multi_queue_test" end time: Mar 15 18:27 IST
"cartographer.sensor.internal.ordered_multi_queue_test" time elapsed: 00:00:00
----------------------------------------------------------

71/80 Testing: cartographer.sensor.internal.trajectory_collator_test
71/80 Test: cartographer.sensor.internal.trajectory_collator_test
Command: "/home/tolasing/ros2_ws/build/cartographer.sensor.internal.trajectory_collator_test"
Directory: /home/tolasing/ros2_ws/build
"cartographer.sensor.internal.trajectory_collator_test" start time: Mar 15 18:27 IST
Output:
----------------------------------------------------------
Running main() from gmock_main.cc
[==========] Running 1 test from 1 test suite.
[----------] Global test environment set-up.
[----------] 1 test from TrajectoryCollator
[ RUN      ] TrajectoryCollator.OrderingMultipleTrajectories
WARNING: Logging before InitGoogleLogging() is written to STDERR
I0315 18:27:26.353837 78140 trajectory_collator.cc:84] Create metrics handler for key: my_points/4
I0315 18:27:26.353924 78140 trajectory_collator.cc:84] Create metrics handler for key: my_points/7
I0315 18:27:26.353930 78140 trajectory_collator.cc:84] Create metrics handler for key: some_imu/7
I0315 18:27:26.353935 78140 ordered_multi_queue.cc:172] All sensor data for trajectory 7 is available starting at '0'.
I0315 18:27:26.353938 78140 trajectory_collator.cc:84] Create metrics handler for key: some_imu/4
I0315 18:27:26.353941 78140 ordered_multi_queue.cc:172] All sensor data for trajectory 4 is available starting at '0'.
[       OK ] TrajectoryCollator.OrderingMultipleTrajectories (0 ms)
[----------] 1 test from TrajectoryCollator (0 ms total)

[----------] Global test environment tear-down
[==========] 1 test from 1 test suite ran. (0 ms total)
[  PASSED  ] 1 test.
<end of output>
Test time =   0.00 sec
----------------------------------------------------------
Test Passed.
"cartographer.sensor.internal.trajectory_collator_test" end time: Mar 15 18:27 IST
"cartographer.sensor.internal.trajectory_collator_test" time elapsed: 00:00:00
----------------------------------------------------------

72/80 Testing: cartographer.sensor.internal.voxel_filter_test
72/80 Test: cartographer.sensor.internal.voxel_filter_test
Command: "/home/tolasing/ros2_ws/build/cartographer.sensor.internal.voxel_filter_test"
Directory: /home/tolasing/ros2_ws/build
"cartographer.sensor.internal.voxel_filter_test" start time: Mar 15 18:27 IST
Output:
----------------------------------------------------------
Running main() from gmock_main.cc
[==========] Running 4 tests from 1 test suite.
[----------] Global test environment set-up.
[----------] 4 tests from VoxelFilterTest
[ RUN      ] VoxelFilterTest.ReturnsOnePointInEachVoxel
[       OK ] VoxelFilterTest.ReturnsOnePointInEachVoxel (0 ms)
[ RUN      ] VoxelFilterTest.CorrectIntensities
[       OK ] VoxelFilterTest.CorrectIntensities (0 ms)
[ RUN      ] VoxelFilterTest.HandlesLargeCoordinates
[       OK ] VoxelFilterTest.HandlesLargeCoordinates (0 ms)
[ RUN      ] VoxelFilterTest.IgnoresTime
[       OK ] VoxelFilterTest.IgnoresTime (0 ms)
[----------] 4 tests from VoxelFilterTest (0 ms total)

[----------] Global test environment tear-down
[==========] 4 tests from 1 test suite ran. (0 ms total)
[  PASSED  ] 4 tests.
<end of output>
Test time =   0.01 sec
----------------------------------------------------------
Test Passed.
"cartographer.sensor.internal.voxel_filter_test" end time: Mar 15 18:27 IST
"cartographer.sensor.internal.voxel_filter_test" time elapsed: 00:00:00
----------------------------------------------------------

73/80 Testing: cartographer.sensor.landmark_data_test
73/80 Test: cartographer.sensor.landmark_data_test
Command: "/home/tolasing/ros2_ws/build/cartographer.sensor.landmark_data_test"
Directory: /home/tolasing/ros2_ws/build
"cartographer.sensor.landmark_data_test" start time: Mar 15 18:27 IST
Output:
----------------------------------------------------------
Running main() from gmock_main.cc
[==========] Running 1 test from 1 test suite.
[----------] Global test environment set-up.
[----------] 1 test from LandmarkDataTest
[ RUN      ] LandmarkDataTest.LandmarkDataToAndFromProto
[       OK ] LandmarkDataTest.LandmarkDataToAndFromProto (0 ms)
[----------] 1 test from LandmarkDataTest (0 ms total)

[----------] Global test environment tear-down
[==========] 1 test from 1 test suite ran. (0 ms total)
[  PASSED  ] 1 test.
<end of output>
Test time =   0.00 sec
----------------------------------------------------------
Test Passed.
"cartographer.sensor.landmark_data_test" end time: Mar 15 18:27 IST
"cartographer.sensor.landmark_data_test" time elapsed: 00:00:00
----------------------------------------------------------

74/80 Testing: cartographer.sensor.map_by_time_test
74/80 Test: cartographer.sensor.map_by_time_test
Command: "/home/tolasing/ros2_ws/build/cartographer.sensor.map_by_time_test"
Directory: /home/tolasing/ros2_ws/build
"cartographer.sensor.map_by_time_test" start time: Mar 15 18:27 IST
Output:
----------------------------------------------------------
Running main() from gmock_main.cc
[==========] Running 3 tests from 1 test suite.
[----------] Global test environment set-up.
[----------] 3 tests from MapByTimeTest
[ RUN      ] MapByTimeTest.AppendAndViewTrajectory
[       OK ] MapByTimeTest.AppendAndViewTrajectory (0 ms)
[ RUN      ] MapByTimeTest.Trimming
[       OK ] MapByTimeTest.Trimming (0 ms)
[ RUN      ] MapByTimeTest.TrimmingDoesNotCreateTrajectory
[       OK ] MapByTimeTest.TrimmingDoesNotCreateTrajectory (0 ms)
[----------] 3 tests from MapByTimeTest (0 ms total)

[----------] Global test environment tear-down
[==========] 3 tests from 1 test suite ran. (0 ms total)
[  PASSED  ] 3 tests.
<end of output>
Test time =   0.00 sec
----------------------------------------------------------
Test Passed.
"cartographer.sensor.map_by_time_test" end time: Mar 15 18:27 IST
"cartographer.sensor.map_by_time_test" time elapsed: 00:00:00
----------------------------------------------------------

75/80 Testing: cartographer.sensor.point_cloud_test
75/80 Test: cartographer.sensor.point_cloud_test
Command: "/home/tolasing/ros2_ws/build/cartographer.sensor.point_cloud_test"
Directory: /home/tolasing/ros2_ws/build
"cartographer.sensor.point_cloud_test" start time: Mar 15 18:27 IST
Output:
----------------------------------------------------------
Running main() from gmock_main.cc
[==========] Running 4 tests from 1 test suite.
[----------] Global test environment set-up.
[----------] 4 tests from PointCloudTest
[ RUN      ] PointCloudTest.TransformPointCloud
[       OK ] PointCloudTest.TransformPointCloud (0 ms)
[ RUN      ] PointCloudTest.TransformTimedPointCloud
[       OK ] PointCloudTest.TransformTimedPointCloud (0 ms)
[ RUN      ] PointCloudTest.CopyIf
[       OK ] PointCloudTest.CopyIf (0 ms)
[ RUN      ] PointCloudTest.CopyIfWithIntensities
[       OK ] PointCloudTest.CopyIfWithIntensities (0 ms)
[----------] 4 tests from PointCloudTest (0 ms total)

[----------] Global test environment tear-down
[==========] 4 tests from 1 test suite ran. (0 ms total)
[  PASSED  ] 4 tests.
<end of output>
Test time =   0.00 sec
----------------------------------------------------------
Test Passed.
"cartographer.sensor.point_cloud_test" end time: Mar 15 18:27 IST
"cartographer.sensor.point_cloud_test" time elapsed: 00:00:00
----------------------------------------------------------

76/80 Testing: cartographer.sensor.range_data_test
76/80 Test: cartographer.sensor.range_data_test
Command: "/home/tolasing/ros2_ws/build/cartographer.sensor.range_data_test"
Directory: /home/tolasing/ros2_ws/build
"cartographer.sensor.range_data_test" start time: Mar 15 18:27 IST
Output:
----------------------------------------------------------
Running main() from gmock_main.cc
[==========] Running 0 tests from 0 test suites.
[==========] 0 tests from 0 test suites ran. (0 ms total)
[  PASSED  ] 0 tests.
<end of output>
Test time =   0.00 sec
----------------------------------------------------------
Test Passed.
"cartographer.sensor.range_data_test" end time: Mar 15 18:27 IST
"cartographer.sensor.range_data_test" time elapsed: 00:00:00
----------------------------------------------------------

77/80 Testing: cartographer.transform.rigid_transform_test
77/80 Test: cartographer.transform.rigid_transform_test
Command: "/home/tolasing/ros2_ws/build/cartographer.transform.rigid_transform_test"
Directory: /home/tolasing/ros2_ws/build
"cartographer.transform.rigid_transform_test" start time: Mar 15 18:27 IST
Output:
----------------------------------------------------------
Running main() from gmock_main.cc
[==========] Running 8 tests from 2 test suites.
[----------] Global test environment set-up.
[----------] 4 tests from RigidTransformTest/0, where TypeParam = float
[ RUN      ] RigidTransformTest/0.Identity2DTest
[       OK ] RigidTransformTest/0.Identity2DTest (0 ms)
[ RUN      ] RigidTransformTest/0.Inverse2DTest
[       OK ] RigidTransformTest/0.Inverse2DTest (0 ms)
[ RUN      ] RigidTransformTest/0.Identity3DTest
[       OK ] RigidTransformTest/0.Identity3DTest (0 ms)
[ RUN      ] RigidTransformTest/0.Inverse3DTest
[       OK ] RigidTransformTest/0.Inverse3DTest (0 ms)
[----------] 4 tests from RigidTransformTest/0 (0 ms total)

[----------] 4 tests from RigidTransformTest/1, where TypeParam = double
[ RUN      ] RigidTransformTest/1.Identity2DTest
[       OK ] RigidTransformTest/1.Identity2DTest (0 ms)
[ RUN      ] RigidTransformTest/1.Inverse2DTest
[       OK ] RigidTransformTest/1.Inverse2DTest (0 ms)
[ RUN      ] RigidTransformTest/1.Identity3DTest
[       OK ] RigidTransformTest/1.Identity3DTest (0 ms)
[ RUN      ] RigidTransformTest/1.Inverse3DTest
[       OK ] RigidTransformTest/1.Inverse3DTest (0 ms)
[----------] 4 tests from RigidTransformTest/1 (0 ms total)

[----------] Global test environment tear-down
[==========] 8 tests from 2 test suites ran. (0 ms total)
[  PASSED  ] 8 tests.
<end of output>
Test time =   0.00 sec
----------------------------------------------------------
Test Passed.
"cartographer.transform.rigid_transform_test" end time: Mar 15 18:27 IST
"cartographer.transform.rigid_transform_test" time elapsed: 00:00:00
----------------------------------------------------------

78/80 Testing: cartographer.transform.timestamped_transform_test
78/80 Test: cartographer.transform.timestamped_transform_test
Command: "/home/tolasing/ros2_ws/build/cartographer.transform.timestamped_transform_test"
Directory: /home/tolasing/ros2_ws/build
"cartographer.transform.timestamped_transform_test" start time: Mar 15 18:27 IST
Output:
----------------------------------------------------------
Running main() from gmock_main.cc
[==========] Running 1 test from 1 test suite.
[----------] Global test environment set-up.
[----------] 1 test from TimestampedTransformTest
[ RUN      ] TimestampedTransformTest.ToProtoAndBack
[       OK ] TimestampedTransformTest.ToProtoAndBack (0 ms)
[----------] 1 test from TimestampedTransformTest (0 ms total)

[----------] Global test environment tear-down
[==========] 1 test from 1 test suite ran. (0 ms total)
[  PASSED  ] 1 test.
<end of output>
Test time =   0.00 sec
----------------------------------------------------------
Test Passed.
"cartographer.transform.timestamped_transform_test" end time: Mar 15 18:27 IST
"cartographer.transform.timestamped_transform_test" time elapsed: 00:00:00
----------------------------------------------------------

79/80 Testing: cartographer.transform.transform_interpolation_buffer_test
79/80 Test: cartographer.transform.transform_interpolation_buffer_test
Command: "/home/tolasing/ros2_ws/build/cartographer.transform.transform_interpolation_buffer_test"
Directory: /home/tolasing/ros2_ws/build
"cartographer.transform.transform_interpolation_buffer_test" start time: Mar 15 18:27 IST
Output:
----------------------------------------------------------
Running main() from gmock_main.cc
[==========] Running 4 tests from 1 test suite.
[----------] Global test environment set-up.
[----------] 4 tests from TransformInterpolationBufferTest
[ RUN      ] TransformInterpolationBufferTest.testHas
[       OK ] TransformInterpolationBufferTest.testHas (0 ms)
[ RUN      ] TransformInterpolationBufferTest.testLookup
[       OK ] TransformInterpolationBufferTest.testLookup (0 ms)
[ RUN      ] TransformInterpolationBufferTest.testLookupSingleTransform
[       OK ] TransformInterpolationBufferTest.testLookupSingleTransform (0 ms)
[ RUN      ] TransformInterpolationBufferTest.testSetSizeLimit
[       OK ] TransformInterpolationBufferTest.testSetSizeLimit (0 ms)
[----------] 4 tests from TransformInterpolationBufferTest (0 ms total)

[----------] Global test environment tear-down
[==========] 4 tests from 1 test suite ran. (0 ms total)
[  PASSED  ] 4 tests.
<end of output>
Test time =   0.01 sec
----------------------------------------------------------
Test Passed.
"cartographer.transform.transform_interpolation_buffer_test" end time: Mar 15 18:27 IST
"cartographer.transform.transform_interpolation_buffer_test" time elapsed: 00:00:00
----------------------------------------------------------

80/80 Testing: cartographer.transform.transform_test
80/80 Test: cartographer.transform.transform_test
Command: "/home/tolasing/ros2_ws/build/cartographer.transform.transform_test"
Directory: /home/tolasing/ros2_ws/build
"cartographer.transform.transform_test" start time: Mar 15 18:27 IST
Output:
----------------------------------------------------------
Running main() from gmock_main.cc
[==========] Running 4 tests from 1 test suite.
[----------] Global test environment set-up.
[----------] 4 tests from TransformTest
[ RUN      ] TransformTest.GetAngle
[       OK ] TransformTest.GetAngle (0 ms)
[ RUN      ] TransformTest.GetYaw
[       OK ] TransformTest.GetYaw (0 ms)
[ RUN      ] TransformTest.GetYawAxisOrdering
[       OK ] TransformTest.GetYawAxisOrdering (0 ms)
[ RUN      ] TransformTest.Embed3D
[       OK ] TransformTest.Embed3D (0 ms)
[----------] 4 tests from TransformTest (0 ms total)

[----------] Global test environment tear-down
[==========] 4 tests from 1 test suite ran. (0 ms total)
[  PASSED  ] 4 tests.
<end of output>
Test time =   0.00 sec
----------------------------------------------------------
Test Passed.
"cartographer.transform.transform_test" end time: Mar 15 18:27 IST
"cartographer.transform.transform_test" time elapsed: 00:00:00
----------------------------------------------------------

End testing: Mar 15 18:27 IST
