[0.066s] Invoking command in '/home/rock/robot_ws/build/motor_control': CMAKE_PREFIX_PATH=/opt/ros/foxy:/home/rock/robot_ws/install/serial:/home/rock/robot_ws/install/imu_node /usr/bin/cmake /home/rock/robot_ws/src/motor_control -DCMAKE_INSTALL_PREFIX=/home/rock/robot_ws/install/motor_control
[0.259s] -- The C compiler identification is GNU 9.4.0
[0.457s] -- The CXX compiler identification is GNU 9.4.0
[0.472s] -- Check for working C compiler: /usr/bin/cc
[0.719s] -- Check for working C compiler: /usr/bin/cc -- works
[0.733s] -- Detecting C compiler ABI info
[1.023s] -- Detecting C compiler ABI info - done
[1.065s] -- Detecting C compile features
[1.066s] -- Detecting C compile features - done
[1.074s] -- Check for working CXX compiler: /usr/bin/c++
[1.339s] -- Check for working CXX compiler: /usr/bin/c++ -- works
[1.342s] -- Detecting CXX compiler ABI info
[1.615s] -- Detecting CXX compiler ABI info - done
[1.656s] -- Detecting CXX compile features
[1.658s] -- Detecting CXX compile features - done
[1.664s] -- Found ament_cmake: 0.9.12 (/opt/ros/foxy/share/ament_cmake/cmake)
[1.726s] -- Found PythonInterp: /usr/bin/python3 (found suitable version "3.8.10", minimum required is "3") 
[1.729s] -- Using PYTHON_EXECUTABLE: /usr/bin/python3
[2.370s] -- Found hardware_interface: 0.11.0 (/opt/ros/foxy/share/hardware_interface/cmake)
[2.468s] -- Using all available rosidl_typesupport_c: rosidl_typesupport_fastrtps_c;rosidl_typesupport_introspection_c
[2.486s] -- Found rosidl_adapter: 1.3.1 (/opt/ros/foxy/share/rosidl_adapter/cmake)
[2.673s] -- Found OpenSSL: /usr/lib/aarch64-linux-gnu/libcrypto.so (found version "1.1.1f")  
[2.733s] -- Found FastRTPS: /opt/ros/foxy/include  
[2.949s] -- Using all available rosidl_typesupport_cpp: rosidl_typesupport_fastrtps_cpp;rosidl_typesupport_introspection_cpp
[4.880s] -- Found rclcpp: 2.4.3 (/opt/ros/foxy/share/rclcpp/cmake)
[5.028s] -- Found rmw_implementation_cmake: 1.0.4 (/opt/ros/foxy/share/rmw_implementation_cmake/cmake)
[5.034s] -- Using RMW implementation 'rmw_fastrtps_cpp' as default
[5.037s] -- Looking for pthread.h
[5.298s] -- Looking for pthread.h - found
[5.298s] -- Performing Test CMAKE_HAVE_LIBC_PTHREAD
[5.562s] -- Performing Test CMAKE_HAVE_LIBC_PTHREAD - Failed
[5.564s] -- Looking for pthread_create in pthreads
[5.819s] -- Looking for pthread_create in pthreads - not found
[5.822s] -- Looking for pthread_create in pthread
[6.054s] -- Looking for pthread_create in pthread - found
[6.057s] -- Found Threads: TRUE  
[6.611s] -- Found rclcpp_lifecycle: 2.4.3 (/opt/ros/foxy/share/rclcpp_lifecycle/cmake)
[6.725s] -- Found serial: 1.2.1 (/home/rock/robot_ws/install/serial/share/serial/cmake)
[6.788s] -- Found ament_cmake_gtest: 0.9.12 (/opt/ros/foxy/share/ament_cmake_gtest/cmake)
[7.042s] -- Configuring done
[7.106s] -- Generating done
[7.112s] -- Build files have been written to: /home/rock/robot_ws/build/motor_control
[7.157s] Invoked command in '/home/rock/robot_ws/build/motor_control' returned '0': CMAKE_PREFIX_PATH=/opt/ros/foxy:/home/rock/robot_ws/install/serial:/home/rock/robot_ws/install/imu_node /usr/bin/cmake /home/rock/robot_ws/src/motor_control -DCMAKE_INSTALL_PREFIX=/home/rock/robot_ws/install/motor_control
[7.161s] Invoking command in '/home/rock/robot_ws/build/motor_control': CMAKE_PREFIX_PATH=/opt/ros/foxy:/home/rock/robot_ws/install/serial:/home/rock/robot_ws/install/imu_node /usr/bin/cmake --build /home/rock/robot_ws/build/motor_control -- -j6 -l6
[7.335s] [35m[1mScanning dependencies of target motor_control[0m
[7.486s] [ 25%] [32mBuilding CXX object CMakeFiles/motor_control.dir/src/motor_interface.cpp.o[0m
[7.494s] [ 50%] [32mBuilding CXX object CMakeFiles/motor_control.dir/src/wheel.cpp.o[0m
[7.520s] [ 75%] [32mBuilding CXX object CMakeFiles/motor_control.dir/src/comms.cpp.o[0m
[7.586s] In file included from [01m[K/home/rock/robot_ws/src/motor_control/src/comms.cpp:1[m[K:
[7.588s] [01m[K/home/rock/robot_ws/src/motor_control/include/motor_control/comms.h:4:10:[m[K [01;31m[Kfatal error: [m[Kserial/serial.h: No such file or directory
[7.589s]     4 | #include [01;31m[K<serial/serial.h>[m[K
[7.590s]       |          [01;31m[K^~~~~~~~~~~~~~~~~[m[K
[7.591s] compilation terminated.
[7.599s] make[2]: *** [CMakeFiles/motor_control.dir/build.make:76: CMakeFiles/motor_control.dir/src/comms.cpp.o] Error 1
[7.600s] make[2]: *** Waiting for unfinished jobs....
[7.672s] In file included from [01m[K/home/rock/robot_ws/src/motor_control/include/motor_control/motor_interface.hpp:18[m[K,
[7.674s]                  from [01m[K/home/rock/robot_ws/src/motor_control/src/motor_interface.cpp:1[m[K:
[7.675s] [01m[K/home/rock/robot_ws/src/motor_control/include/motor_control/comms.h:4:10:[m[K [01;31m[Kfatal error: [m[Kserial/serial.h: No such file or directory
[7.676s]     4 | #include [01;31m[K<serial/serial.h>[m[K
[7.678s]       |          [01;31m[K^~~~~~~~~~~~~~~~~[m[K
[7.679s] compilation terminated.
[7.680s] make[2]: *** [CMakeFiles/motor_control.dir/build.make:63: CMakeFiles/motor_control.dir/src/motor_interface.cpp.o] Error 1
[8.261s] make[1]: *** [CMakeFiles/Makefile2:105: CMakeFiles/motor_control.dir/all] Error 2
[8.267s] make: *** [Makefile:141: all] Error 2
[8.277s] Invoked command in '/home/rock/robot_ws/build/motor_control' returned '2': CMAKE_PREFIX_PATH=/opt/ros/foxy:/home/rock/robot_ws/install/serial:/home/rock/robot_ws/install/imu_node /usr/bin/cmake --build /home/rock/robot_ws/build/motor_control -- -j6 -l6
