[0.090s] Invoking command in '/home/tolasing/ros2_ws/build/absl': /usr/bin/cmake --build /home/tolasing/ros2_ws/build/absl -- -j8 -l8
[1.091s] [35m[1mConsolidate compiler generated dependencies of target spinlock_wait[0m
[1.092s] [35m[1mConsolidate compiler generated dependencies of target dynamic_annotations[0m
[1.092s] [35m[1mConsolidate compiler generated dependencies of target strings_internal[0m
[1.092s] [35m[1mConsolidate compiler generated dependencies of target int128[0m
[1.092s] [35m[1mConsolidate compiler generated dependencies of target time_zone[0m
[1.092s] [  2%] Built target dynamic_annotations
[1.092s] [  4%] Built target spinlock_wait
[1.092s] [  7%] Built target strings_internal
[1.093s] [ 17%] Built target time_zone
[1.093s] [35m[1mConsolidate compiler generated dependencies of target leak_check[0m
[1.093s] [35m[1mConsolidate compiler generated dependencies of target base[0m
[1.093s] [35m[1mConsolidate compiler generated dependencies of target leak_check_disable[0m
[1.093s] [35m[1mConsolidate compiler generated dependencies of target civil_time[0m
[1.093s] [35m[1mConsolidate compiler generated dependencies of target city[0m
[1.093s] [ 19%] Built target int128
[1.093s] [ 21%] Built target leak_check
[1.094s] [ 22%] Built target leak_check_disable
[1.094s] [ 30%] Built target base
[1.094s] [ 32%] Built target civil_time
[1.094s] [ 34%] Built target city
[1.095s] [35m[1mConsolidate compiler generated dependencies of target throw_delegate[0m
[1.095s] [35m[1mConsolidate compiler generated dependencies of target malloc_internal[0m
[1.096s] [ 36%] Built target throw_delegate
[1.096s] [35m[1mConsolidate compiler generated dependencies of target debugging_internal[0m
[1.096s] [35m[1mConsolidate compiler generated dependencies of target demangle_internal[0m
[1.096s] [35m[1mConsolidate compiler generated dependencies of target scoped_set_env[0m
[1.097s] [ 38%] Built target malloc_internal
[1.097s] [35m[1mConsolidate compiler generated dependencies of target bad_optional_access[0m
[1.097s] [35m[1mConsolidate compiler generated dependencies of target bad_variant_access[0m
[1.097s] [ 41%] Built target debugging_internal
[1.097s] [ 43%] Built target demangle_internal
[1.098s] [ 45%] Built target bad_optional_access
[1.098s] [ 47%] Built target scoped_set_env
[1.098s] [35m[1mConsolidate compiler generated dependencies of target bad_any_cast_impl[0m
[1.098s] [ 49%] Built target bad_variant_access
[1.098s] [35m[1mConsolidate compiler generated dependencies of target stacktrace[0m
[1.098s] [35m[1mConsolidate compiler generated dependencies of target strings[0m
[1.099s] [35m[1mConsolidate compiler generated dependencies of target graphcycles_internal[0m
[1.099s] [ 50%] Built target bad_any_cast_impl
[1.099s] [ 51%] [32mBuilding CXX object absl/debugging/CMakeFiles/symbolize.dir/symbolize.cc.o[0m
[1.099s] [ 52%] [32mBuilding CXX object absl/synchronization/CMakeFiles/graphcycles_internal.dir/internal/graphcycles.cc.o[0m
[1.100s] [ 54%] Built target stacktrace
[1.100s] [ 67%] Built target strings
[1.100s] [ 68%] [32mBuilding CXX object absl/time/CMakeFiles/time.dir/clock.cc.o[0m
[1.100s] [ 69%] [32mBuilding CXX object absl/time/CMakeFiles/time.dir/duration.cc.o[0m
[1.100s] [ 70%] [32mBuilding CXX object absl/time/CMakeFiles/time.dir/civil_time.cc.o[0m
[1.101s] [ 71%] [32mBuilding CXX object absl/time/CMakeFiles/time.dir/format.cc.o[0m
[1.101s] [ 72%] [32mBuilding CXX object absl/hash/CMakeFiles/hash.dir/internal/hash.cc.o[0m
[1.101s] [ 73%] [32mBuilding CXX object absl/strings/CMakeFiles/str_format_internal.dir/internal/str_format/arg.cc.o[0m
[2.078s] [01m[K/home/tolasing/ros2_ws/abseil-cpp/absl/synchronization/internal/graphcycles.cc:[m[K In member function â€˜[01m[Kvoid absl::synchronization_internal::GraphCycles::RemoveNode(void*)[m[Kâ€™:
[2.078s] [01m[K/home/tolasing/ros2_ws/abseil-cpp/absl/synchronization/internal/graphcycles.cc:450:26:[m[K [01;31m[Kerror: [m[Kâ€˜[01m[Knumeric_limits[m[Kâ€™ is not a member of â€˜[01m[Kstd[m[Kâ€™
[2.079s]   450 |   if (x->version == std::[01;31m[Knumeric_limits[m[K<uint32_t>::max()) {
[2.079s]       |                          [01;31m[K^~~~~~~~~~~~~~[m[K
[2.079s] [01m[K/home/tolasing/ros2_ws/abseil-cpp/absl/synchronization/internal/graphcycles.cc:450:49:[m[K [01;31m[Kerror: [m[Kexpected primary-expression before â€˜[01m[K>[m[Kâ€™ token
[2.079s]   450 |   if (x->version == std::numeric_limits<uint32_t[01;31m[K>[m[K::max()) {
[2.079s]       |                                                 [01;31m[K^[m[K
[2.080s] [01m[K/home/tolasing/ros2_ws/abseil-cpp/absl/synchronization/internal/graphcycles.cc:450:52:[m[K [01;31m[Kerror: [m[Kâ€˜[01m[K::max[m[Kâ€™ has not been declared; did you mean â€˜[01m[Kstd::max[m[Kâ€™?
[2.080s]   450 |   if (x->version == std::numeric_limits<uint32_t>::[01;31m[Kmax[m[K()) {
[2.080s]       |                                                    [01;31m[K^~~[m[K
[2.080s]       |                                                    [32m[Kstd::max[m[K
[2.091s] In file included from [01m[K/usr/include/c++/11/algorithm:62[m[K,
[2.091s]                  from [01m[K/home/tolasing/ros2_ws/abseil-cpp/absl/synchronization/internal/graphcycles.cc:38[m[K:
[2.091s] [01m[K/usr/include/c++/11/bits/stl_algo.h:3467:5:[m[K [01;36m[Knote: [m[Kâ€˜[01m[Kstd::max[m[Kâ€™ declared here
[2.091s]  3467 |     [01;36m[Kmax[m[K(initializer_list<_Tp> __l, _Compare __comp)
[2.092s]       |     [01;36m[K^~~[m[K
[2.238s] [ 74%] [32m[1mLinking CXX static library libabsl_symbolize.a[0m
[2.297s] [ 75%] [32mBuilding CXX object absl/time/CMakeFiles/time.dir/time.cc.o[0m
[2.369s] [ 76%] [32mBuilding CXX object absl/strings/CMakeFiles/str_format_internal.dir/internal/str_format/bind.cc.o[0m
[2.442s] gmake[2]: *** [absl/synchronization/CMakeFiles/graphcycles_internal.dir/build.make:76: absl/synchronization/CMakeFiles/graphcycles_internal.dir/internal/graphcycles.cc.o] Error 1
[2.444s] gmake[1]: *** [CMakeFiles/Makefile2:1034: absl/synchronization/CMakeFiles/graphcycles_internal.dir/all] Error 2
[2.444s] gmake[1]: *** Waiting for unfinished jobs....
[2.454s] [ 76%] Built target symbolize
[2.480s] [ 77%] [32mBuilding CXX object absl/strings/CMakeFiles/str_format_internal.dir/internal/str_format/extension.cc.o[0m
[2.516s] [ 78%] [32mBuilding CXX object absl/strings/CMakeFiles/str_format_internal.dir/internal/str_format/float_conversion.cc.o[0m
[3.239s] [ 79%] [32mBuilding CXX object absl/strings/CMakeFiles/str_format_internal.dir/internal/str_format/output.cc.o[0m
[3.265s] [ 80%] [32m[1mLinking CXX static library libabsl_hash.a[0m
[3.323s] [ 81%] [32mBuilding CXX object absl/strings/CMakeFiles/str_format_internal.dir/internal/str_format/parser.cc.o[0m
[3.663s] [ 81%] Built target hash
[4.492s] [ 82%] [32m[1mLinking CXX static library libabsl_time.a[0m
[4.975s] [ 82%] Built target time
[5.775s] [ 83%] [32m[1mLinking CXX static library libabsl_str_format_internal.a[0m
[5.904s] [ 83%] Built target str_format_internal
[5.906s] gmake: *** [Makefile:136: all] Error 2
[5.911s] Invoked command in '/home/tolasing/ros2_ws/build/absl' returned '2': /usr/bin/cmake --build /home/tolasing/ros2_ws/build/absl -- -j8 -l8
