[0.000000] (-) TimerEvent: {}
[0.000397] (-) JobUnselected: {'identifier': 'articubot_one'}
[0.000660] (-) JobUnselected: {'identifier': 'asio_cmake_module'}
[0.000728] (-) JobUnselected: {'identifier': 'gazebo_sim'}
[0.000785] (-) JobUnselected: {'identifier': 'grass_plane'}
[0.000861] (-) JobUnselected: {'identifier': 'io_context'}
[0.000920] (-) JobUnselected: {'identifier': 'motor_control'}
[0.000969] (-) JobUnselected: {'identifier': 'navigator_planner'}
[0.001018] (-) JobUnselected: {'identifier': 'path_planner'}
[0.001066] (-) JobUnselected: {'identifier': 'prototype'}
[0.001114] (-) JobUnselected: {'identifier': 'ros2_mapping'}
[0.002122] (-) JobUnselected: {'identifier': 'serial'}
[0.002353] (-) JobUnselected: {'identifier': 'serial_driver'}
[0.002436] (-) JobUnselected: {'identifier': 'vrc_heightmap_1'}
[0.002507] (nav_test) JobQueued: {'identifier': 'nav_test', 'dependencies': OrderedDict()}
[0.002577] (nav_test) JobStarted: {'identifier': 'nav_test'}
[0.029708] (nav_test) JobProgress: {'identifier': 'nav_test', 'progress': 'cmake'}
[0.030096] (nav_test) Command: {'cmd': ['/usr/bin/cmake', '/home/tolasing/ros2_ws/src/nav_test', '-DAMENT_CMAKE_SYMLINK_INSTALL=1', '-DCMAKE_INSTALL_PREFIX=/home/tolasing/ros2_ws/install/nav_test'], 'cwd': '/home/tolasing/ros2_ws/build/nav_test', 'env': OrderedDict([('GJS_DEBUG_TOPICS', 'JS ERROR;JS LOG'), ('LESSOPEN', '| /usr/bin/lesspipe %s'), ('LANGUAGE', 'en_IN:en'), ('USER', 'tolasing'), ('ROS_PACKAGE_PATH', '/home/tolasing/ros2_ws/install/serial/share'), ('XDG_SESSION_TYPE', 'wayland'), ('GIT_ASKPASS', '/usr/share/code/resources/app/extensions/git/dist/askpass.sh'), ('SHLVL', '1'), ('LD_LIBRARY_PATH', '/usr/lib/x86_64-linux-gnu:/usr/lib/x86_64-linux-gnu:/home/tolasing/ros2_ws/install/serial_driver/lib:/home/tolasing/ros2_ws/install/motor_control/lib:/home/tolasing/ros2_ws/install/io_context/lib:/usr/lib/x86_64-linux-gnu/gazebo-11/plugins:/opt/ros/humble/opt/rviz_ogre_vendor/lib:/opt/ros/humble/lib/x86_64-linux-gnu:/opt/ros/humble/lib'), ('HOME', '/home/tolasing'), ('CHROME_DESKTOP', 'code-url-handler.desktop'), ('OLDPWD', '/home/tolasing/ros2_ws/src'), ('TERM_PROGRAM_VERSION', '1.77.2'), ('DESKTOP_SESSION', 'ubuntu'), ('ROS_LOG_LEVEL', 'DEBUG'), ('GIO_LAUNCHED_DESKTOP_FILE', '/usr/share/applications/code.desktop'), ('ROS_PYTHON_VERSION', '3'), ('GNOME_SHELL_SESSION_MODE', 'ubuntu'), ('GTK_MODULES', 'gail:atk-bridge'), ('VSCODE_GIT_ASKPASS_MAIN', '/usr/share/code/resources/app/extensions/git/dist/askpass-main.js'), ('VSCODE_GIT_ASKPASS_NODE', '/usr/share/code/code'), ('MANAGERPID', '1066'), ('SYSTEMD_EXEC_PID', '1223'), ('IM_CONFIG_CHECK_ENV', '1'), ('DBUS_SESSION_BUS_ADDRESS', 'unix:path=/run/user/1000/bus'), ('COLORTERM', 'truecolor'), ('GIO_LAUNCHED_DESKTOP_FILE_PID', '2007'), ('IM_CONFIG_PHASE', '1'), ('WAYLAND_DISPLAY', 'wayland-0'), ('COLCON_PREFIX_PATH', '/home/tolasing/ros2_ws/install'), ('ROS_DISTRO', 'humble'), ('LOGNAME', 'tolasing'), ('JOURNAL_STREAM', '8:32937'), ('_', '/usr/bin/colcon'), ('ROS_VERSION', '2'), ('PKG_CONFIG_PATH', '/home/tolasing/ros2_ws/install/serial/lib/x86_64-linux-gnu/pkgconfig:/home/tolasing/ros2_ws/install/serial/lib/pkgconfig'), ('XDG_SESSION_CLASS', 'user'), ('USERNAME', 'tolasing'), ('TERM', 'xterm-256color'), ('GAZEBO_MODEL_PATH', ':home/tolasing/ros2_ws/src/gazebo_sim/models:home/tolasing/ros2_ws/src/gazebo_sim/models'), ('GNOME_DESKTOP_SESSION_ID', 'this-is-deprecated'), ('ROS_LOCALHOST_ONLY', '0'), ('PATH', '/home/tolasing/.local/bin:/opt/ros/humble/bin:/home/tolasing/.local/bin:/usr/local/sbin:/usr/local/bin:/usr/sbin:/usr/bin:/sbin:/bin:/usr/games:/usr/local/games:/snap/bin:/snap/bin'), ('SESSION_MANAGER', 'local/tolasing-zen:@/tmp/.ICE-unix/1193,unix/tolasing-zen:/tmp/.ICE-unix/1193'), ('INVOCATION_ID', '25c01c145c664ad8aa225782f49e73a3'), ('XDG_MENU_PREFIX', 'gnome-'), ('GNOME_SETUP_DISPLAY', ':1'), ('XDG_RUNTIME_DIR', '/run/user/1000'), ('GDK_BACKEND', 'x11'), ('DISPLAY', ':0'), ('LANG', 'en_US.UTF-8'), ('XDG_CURRENT_DESKTOP', 'Unity'), ('XMODIFIERS', '@im=ibus'), ('XDG_SESSION_DESKTOP', 'ubuntu'), ('XAUTHORITY', '/run/user/1000/.mutter-Xwaylandauth.CTT521'), ('LS_COLORS', 'rs=0:di=01;34:ln=01;36:mh=00:pi=40;33:so=01;35:do=01;35:bd=40;33;01:cd=40;33;01:or=40;31;01:mi=00:su=37;41:sg=30;43:ca=30;41:tw=30;42:ow=34;42:st=37;44:ex=01;32:*.tar=01;31:*.tgz=01;31:*.arc=01;31:*.arj=01;31:*.taz=01;31:*.lha=01;31:*.lz4=01;31:*.lzh=01;31:*.lzma=01;31:*.tlz=01;31:*.txz=01;31:*.tzo=01;31:*.t7z=01;31:*.zip=01;31:*.z=01;31:*.dz=01;31:*.gz=01;31:*.lrz=01;31:*.lz=01;31:*.lzo=01;31:*.xz=01;31:*.zst=01;31:*.tzst=01;31:*.bz2=01;31:*.bz=01;31:*.tbz=01;31:*.tbz2=01;31:*.tz=01;31:*.deb=01;31:*.rpm=01;31:*.jar=01;31:*.war=01;31:*.ear=01;31:*.sar=01;31:*.rar=01;31:*.alz=01;31:*.ace=01;31:*.zoo=01;31:*.cpio=01;31:*.7z=01;31:*.rz=01;31:*.cab=01;31:*.wim=01;31:*.swm=01;31:*.dwm=01;31:*.esd=01;31:*.jpg=01;35:*.jpeg=01;35:*.mjpg=01;35:*.mjpeg=01;35:*.gif=01;35:*.bmp=01;35:*.pbm=01;35:*.pgm=01;35:*.ppm=01;35:*.tga=01;35:*.xbm=01;35:*.xpm=01;35:*.tif=01;35:*.tiff=01;35:*.png=01;35:*.svg=01;35:*.svgz=01;35:*.mng=01;35:*.pcx=01;35:*.mov=01;35:*.mpg=01;35:*.mpeg=01;35:*.m2v=01;35:*.mkv=01;35:*.webm=01;35:*.webp=01;35:*.ogm=01;35:*.mp4=01;35:*.m4v=01;35:*.mp4v=01;35:*.vob=01;35:*.qt=01;35:*.nuv=01;35:*.wmv=01;35:*.asf=01;35:*.rm=01;35:*.rmvb=01;35:*.flc=01;35:*.avi=01;35:*.fli=01;35:*.flv=01;35:*.gl=01;35:*.dl=01;35:*.xcf=01;35:*.xwd=01;35:*.yuv=01;35:*.cgm=01;35:*.emf=01;35:*.ogv=01;35:*.ogx=01;35:*.aac=00;36:*.au=00;36:*.flac=00;36:*.m4a=00;36:*.mid=00;36:*.midi=00;36:*.mka=00;36:*.mp3=00;36:*.mpc=00;36:*.ogg=00;36:*.ra=00;36:*.wav=00;36:*.oga=00;36:*.opus=00;36:*.spx=00;36:*.xspf=00;36:'), ('VSCODE_GIT_IPC_HANDLE', '/run/user/1000/vscode-git-9a34650364.sock'), ('TERM_PROGRAM', 'vscode'), ('SSH_AGENT_LAUNCHER', 'gnome-keyring'), ('SSH_AUTH_SOCK', '/run/user/1000/keyring/ssh'), ('AMENT_PREFIX_PATH', '/home/tolasing/ros2_ws/install/serial_driver:/home/tolasing/ros2_ws/install/motor_control:/home/tolasing/ros2_ws/install/ros2_mapping:/home/tolasing/ros2_ws/install/prototype:/home/tolasing/ros2_ws/install/path_planner:/home/tolasing/ros2_ws/install/navigator_planner:/home/tolasing/ros2_ws/install/josh_path:/home/tolasing/ros2_ws/install/io_context:/home/tolasing/ros2_ws/install/gazebo_sim:/home/tolasing/ros2_ws/install/asio_cmake_module:/home/tolasing/ros2_ws/install/articubot_one:/opt/ros/humble'), ('ORIGINAL_XDG_CURRENT_DESKTOP', 'ubuntu:GNOME'), ('SHELL', '/bin/bash'), ('QT_ACCESSIBILITY', '1'), ('GDMSESSION', 'ubuntu'), ('LESSCLOSE', '/usr/bin/lesspipe %s %s'), ('GJS_DEBUG_OUTPUT', 'stderr'), ('VSCODE_GIT_ASKPASS_EXTRA_ARGS', '--ms-enable-electron-run-as-node'), ('QT_IM_MODULE', 'ibus'), ('PWD', '/home/tolasing/ros2_ws/build/nav_test'), ('LC_ALL', 'en_US.UTF-8'), ('XDG_CONFIG_DIRS', '/etc/xdg/xdg-ubuntu:/etc/xdg'), ('XDG_DATA_DIRS', '/usr/share/ubuntu:/usr/local/share/:/usr/share/:/var/lib/snapd/desktop'), ('PYTHONPATH', '/home/tolasing/ros2_ws/build/path_planner:/home/tolasing/ros2_ws/install/path_planner/lib/python3.10/site-packages:/opt/ros/humble/lib/python3.10/site-packages:/opt/ros/humble/local/lib/python3.10/dist-packages'), ('COLCON', '1'), ('CMAKE_PREFIX_PATH', '/home/tolasing/ros2_ws/src/cartographer:/usr/lib/x86_64-linux-gnu/libserial.so:/home/tolasing/ros2_ws/src/cartographer:/usr/lib/x86_64-linux-gnu/libserial.so:/home/tolasing/ros2_ws/install/serial_driver:/home/tolasing/ros2_ws/install/motor_control:/home/tolasing/ros2_ws/install/path_planner:/opt/ros/humble:/home/tolasing/ros2_ws/install/serial:/home/tolasing/ros2_ws/install/ros2_mapping:/home/tolasing/ros2_ws/install/prototype:/home/tolasing/ros2_ws/install/navigator_planner:/home/tolasing/ros2_ws/install/josh_path:/home/tolasing/ros2_ws/install/io_context:/home/tolasing/ros2_ws/install/gazebo_sim:/home/tolasing/ros2_ws/install/asio_cmake_module:/home/tolasing/ros2_ws/install/articubot_one')]), 'shell': False}
[0.097697] (-) TimerEvent: {}
[0.198243] (-) TimerEvent: {}
[0.223993] (nav_test) StdoutLine: {'line': b'-- The C compiler identification is GNU 11.3.0\n'}
[0.298411] (-) TimerEvent: {}
[0.398995] (-) TimerEvent: {}
[0.403267] (nav_test) StdoutLine: {'line': b'-- The CXX compiler identification is GNU 11.3.0\n'}
[0.421304] (nav_test) StdoutLine: {'line': b'-- Detecting C compiler ABI info\n'}
[0.499194] (-) TimerEvent: {}
[0.545248] (nav_test) StdoutLine: {'line': b'-- Detecting C compiler ABI info - done\n'}
[0.560520] (nav_test) StdoutLine: {'line': b'-- Check for working C compiler: /usr/bin/cc - skipped\n'}
[0.561070] (nav_test) StdoutLine: {'line': b'-- Detecting C compile features\n'}
[0.561722] (nav_test) StdoutLine: {'line': b'-- Detecting C compile features - done\n'}
[0.567947] (nav_test) StdoutLine: {'line': b'-- Detecting CXX compiler ABI info\n'}
[0.599631] (-) TimerEvent: {}
[0.691497] (nav_test) StdoutLine: {'line': b'-- Detecting CXX compiler ABI info - done\n'}
[0.699840] (-) TimerEvent: {}
[0.713305] (nav_test) StdoutLine: {'line': b'-- Check for working CXX compiler: /usr/bin/c++ - skipped\n'}
[0.713754] (nav_test) StdoutLine: {'line': b'-- Detecting CXX compile features\n'}
[0.714806] (nav_test) StdoutLine: {'line': b'-- Detecting CXX compile features - done\n'}
[0.725300] (nav_test) StdoutLine: {'line': b'-- Found ament_cmake: 1.3.3 (/opt/ros/humble/share/ament_cmake/cmake)\n'}
[0.800313] (-) TimerEvent: {}
[0.900932] (-) TimerEvent: {}
[1.001520] (-) TimerEvent: {}
[1.069779] (nav_test) StdoutLine: {'line': b'-- Found Python3: /usr/bin/python3.10 (found version "3.10.6") found components: Interpreter \n'}
[1.101677] (-) TimerEvent: {}
[1.202194] (-) TimerEvent: {}
[1.202639] (nav_test) StdoutLine: {'line': b'-- Override CMake install command with custom implementation using symlinks instead of copying resources\n'}
[1.266968] (nav_test) StdoutLine: {'line': b'-- Found navigation2: 1.1.6 (/opt/ros/humble/share/navigation2/cmake)\n'}
[1.269776] (nav_test) StdoutLine: {'line': b'-- Found rclpy: 3.3.7 (/opt/ros/humble/share/rclpy/cmake)\n'}
[1.273699] (nav_test) StdoutLine: {'line': b'-- Found rclcpp: 16.0.3 (/opt/ros/humble/share/rclcpp/cmake)\n'}
[1.302392] (-) TimerEvent: {}
[1.370214] (nav_test) StdoutLine: {'line': b'-- Found rosidl_generator_c: 3.1.4 (/opt/ros/humble/share/rosidl_generator_c/cmake)\n'}
[1.380525] (nav_test) StdoutLine: {'line': b'-- Found rosidl_adapter: 3.1.4 (/opt/ros/humble/share/rosidl_adapter/cmake)\n'}
[1.398946] (nav_test) StdoutLine: {'line': b'-- Found rosidl_generator_cpp: 3.1.4 (/opt/ros/humble/share/rosidl_generator_cpp/cmake)\n'}
[1.402512] (-) TimerEvent: {}
[1.434400] (nav_test) StdoutLine: {'line': b'-- Using all available rosidl_typesupport_c: rosidl_typesupport_fastrtps_c;rosidl_typesupport_introspection_c\n'}
[1.479444] (nav_test) StdoutLine: {'line': b'-- Using all available rosidl_typesupport_cpp: rosidl_typesupport_fastrtps_cpp;rosidl_typesupport_introspection_cpp\n'}
[1.502733] (-) TimerEvent: {}
[1.603387] (-) TimerEvent: {}
[1.630287] (nav_test) StdoutLine: {'line': b'-- Found rmw_implementation_cmake: 6.1.1 (/opt/ros/humble/share/rmw_implementation_cmake/cmake)\n'}
[1.638369] (nav_test) StdoutLine: {'line': b'-- Found rmw_fastrtps_cpp: 6.2.2 (/opt/ros/humble/share/rmw_fastrtps_cpp/cmake)\n'}
[1.703607] (-) TimerEvent: {}
[1.804252] (-) TimerEvent: {}
[1.837114] (nav_test) StdoutLine: {'line': b'-- Found OpenSSL: /usr/lib/x86_64-linux-gnu/libcrypto.so (found version "3.0.2")  \n'}
[1.870953] (nav_test) CommandEnded: {'returncode': -2}
[1.876464] (nav_test) StderrLine: {'line': b'Traceback (most recent call last):\n  File "/usr/lib/python3/dist-packages/colcon_parallel_executor/executor/parallel.py", line 67, in execute\n    loop.run_until_complete(future)\n  File "/usr/lib/python3.10/asyncio/base_events.py", line 633, in run_until_complete\n    self.run_forever()\n  File "/usr/lib/python3.10/asyncio/base_events.py", line 600, in run_forever\n    self._run_once()\n  File "/usr/lib/python3.10/asyncio/base_events.py", line 1860, in _run_once\n    event_list = self._selector.select(timeout)\n  File "/usr/lib/python3.10/selectors.py", line 469, in select\n    fd_event_list = self._selector.poll(timeout, max_ev)\nKeyboardInterrupt\n\nDuring handling of the above exception, another exception occurred:\n\nTraceback (most recent call last):\n  File "/usr/lib/python3/dist-packages/colcon_core/executor/__init__.py", line 91, in __call__\n    rc = await self.task(*args, **kwargs)\n  File "/usr/lib/python3/dist-packages/colcon_core/task/__init__.py", line 93, in __call__\n    return await task_method(*args, **kwargs)\n  File "/usr/lib/python3/dist-packages/colcon_ros/task/ament_cmake/build.py", line 59, in build\n    rc = await extension.build(\n  File "/usr/lib/python3/dist-packages/colcon_cmake/task/cmake/build.py", line 87, in build\n    rc = await self._reconfigure(args, env)\n  File "/usr/lib/python3/dist-packages/colcon_cmake/task/cmake/build.py", line 182, in _reconfigure\n    buildfile = get_buildfile(cmake_cache)\n  File "/usr/lib/python3/dist-packages/colcon_cmake/task/cmake/__init__.py", line 112, in get_buildfile\n    if \'Ninja\' in generator:\nTypeError: argument of type \'NoneType\' is not iterable\n'}
[1.877005] (nav_test) JobEnded: {'identifier': 'nav_test', 'rc': 'SIGINT'}
[1.887550] (-) EventReactorShutdown: {}
