[0.065s] Invoking command in '/home/rock/robot_ws/build/motor_control': CMAKE_PREFIX_PATH=/home/rock/robot_ws/install/serial:/home/rock/robot_ws/install/imu_node:/opt/ros/foxy /usr/bin/cmake /home/rock/robot_ws/src/motor_control -DCMAKE_INSTALL_PREFIX=/home/rock/robot_ws/install/motor_control
[0.261s] -- The C compiler identification is GNU 9.4.0
[0.462s] -- The CXX compiler identification is GNU 9.4.0
[0.488s] -- Check for working C compiler: /usr/bin/cc
[0.728s] -- Check for working C compiler: /usr/bin/cc -- works
[0.732s] -- Detecting C compiler ABI info
[0.965s] -- Detecting C compiler ABI info - done
[1.009s] -- Detecting C compile features
[1.012s] -- Detecting C compile features - done
[1.020s] -- Check for working CXX compiler: /usr/bin/c++
[1.294s] -- Check for working CXX compiler: /usr/bin/c++ -- works
[1.296s] -- Detecting CXX compiler ABI info
[1.567s] -- Detecting CXX compiler ABI info - done
[1.616s] -- Detecting CXX compile features
[1.619s] -- Detecting CXX compile features - done
[1.626s] -- Found ament_cmake: 0.9.12 (/opt/ros/foxy/share/ament_cmake/cmake)
[1.693s] -- Found PythonInterp: /usr/bin/python3 (found suitable version "3.8.10", minimum required is "3") 
[1.694s] -- Using PYTHON_EXECUTABLE: /usr/bin/python3
[2.341s] -- Found hardware_interface: 0.11.0 (/opt/ros/foxy/share/hardware_interface/cmake)
[2.427s] -- Using all available rosidl_typesupport_c: rosidl_typesupport_fastrtps_c;rosidl_typesupport_introspection_c
[2.447s] -- Found rosidl_adapter: 1.3.1 (/opt/ros/foxy/share/rosidl_adapter/cmake)
[2.655s] -- Found OpenSSL: /usr/lib/aarch64-linux-gnu/libcrypto.so (found version "1.1.1f")  
[2.714s] -- Found FastRTPS: /opt/ros/foxy/include  
[2.942s] -- Using all available rosidl_typesupport_cpp: rosidl_typesupport_fastrtps_cpp;rosidl_typesupport_introspection_cpp
[4.867s] -- Found rclcpp: 2.4.3 (/opt/ros/foxy/share/rclcpp/cmake)
[5.022s] -- Found rmw_implementation_cmake: 1.0.4 (/opt/ros/foxy/share/rmw_implementation_cmake/cmake)
[5.027s] -- Using RMW implementation 'rmw_fastrtps_cpp' as default
[5.031s] -- Looking for pthread.h
[5.297s] -- Looking for pthread.h - found
[5.300s] -- Performing Test CMAKE_HAVE_LIBC_PTHREAD
[5.651s] -- Performing Test CMAKE_HAVE_LIBC_PTHREAD - Failed
[5.654s] -- Looking for pthread_create in pthreads
[5.887s] -- Looking for pthread_create in pthreads - not found
[5.890s] -- Looking for pthread_create in pthread
[6.218s] -- Looking for pthread_create in pthread - found
[6.222s] -- Found Threads: TRUE  
[6.773s] -- Found rclcpp_lifecycle: 2.4.3 (/opt/ros/foxy/share/rclcpp_lifecycle/cmake)
[6.884s] -- Found serial: 1.2.1 (/home/rock/robot_ws/install/serial/share/serial/cmake)
[6.937s] -- Found ament_cmake_gtest: 0.9.12 (/opt/ros/foxy/share/ament_cmake_gtest/cmake)
[7.192s] -- Configuring done
[7.277s] -- Generating done
[7.283s] -- Build files have been written to: /home/rock/robot_ws/build/motor_control
[7.327s] Invoked command in '/home/rock/robot_ws/build/motor_control' returned '0': CMAKE_PREFIX_PATH=/home/rock/robot_ws/install/serial:/home/rock/robot_ws/install/imu_node:/opt/ros/foxy /usr/bin/cmake /home/rock/robot_ws/src/motor_control -DCMAKE_INSTALL_PREFIX=/home/rock/robot_ws/install/motor_control
[7.347s] Invoking command in '/home/rock/robot_ws/build/motor_control': CMAKE_PREFIX_PATH=/home/rock/robot_ws/install/serial:/home/rock/robot_ws/install/imu_node:/opt/ros/foxy /usr/bin/cmake --build /home/rock/robot_ws/build/motor_control -- -j6 -l6
[7.486s] [35m[1mScanning dependencies of target motor_control[0m
[7.645s] [ 25%] [32mBuilding CXX object CMakeFiles/motor_control.dir/src/comms.cpp.o[0m
[7.669s] [ 50%] [32mBuilding CXX object CMakeFiles/motor_control.dir/src/motor_interface.cpp.o[0m
[7.671s] [ 75%] [32mBuilding CXX object CMakeFiles/motor_control.dir/src/wheel.cpp.o[0m
[7.677s] In file included from [01m[K/home/rock/robot_ws/src/motor_control/src/comms.cpp:1[m[K:
[7.679s] [01m[K/home/rock/robot_ws/src/motor_control/include/motor_control/comms.h:4:10:[m[K [01;31m[Kfatal error: [m[Kserial/serial.h: No such file or directory
[7.682s]     4 | #include [01;31m[K<serial/serial.h>[m[K
[7.684s]       |          [01;31m[K^~~~~~~~~~~~~~~~~[m[K
[7.686s] compilation terminated.
[7.687s] make[2]: *** [CMakeFiles/motor_control.dir/build.make:76: CMakeFiles/motor_control.dir/src/comms.cpp.o] Error 1
[7.688s] make[2]: *** Waiting for unfinished jobs....
[7.962s] In file included from [01m[K/home/rock/robot_ws/src/motor_control/include/motor_control/motor_interface.hpp:18[m[K,
[7.964s]                  from [01m[K/home/rock/robot_ws/src/motor_control/src/motor_interface.cpp:1[m[K:
[7.966s] [01m[K/home/rock/robot_ws/src/motor_control/include/motor_control/comms.h:4:10:[m[K [01;31m[Kfatal error: [m[Kserial/serial.h: No such file or directory
[7.969s]     4 | #include [01;31m[K<serial/serial.h>[m[K
[7.971s]       |          [01;31m[K^~~~~~~~~~~~~~~~~[m[K
[7.972s] compilation terminated.
[7.972s] make[2]: *** [CMakeFiles/motor_control.dir/build.make:63: CMakeFiles/motor_control.dir/src/motor_interface.cpp.o] Error 1
[8.443s] make[1]: *** [CMakeFiles/Makefile2:105: CMakeFiles/motor_control.dir/all] Error 2
[8.446s] make: *** [Makefile:141: all] Error 2
[8.457s] Invoked command in '/home/rock/robot_ws/build/motor_control' returned '2': CMAKE_PREFIX_PATH=/home/rock/robot_ws/install/serial:/home/rock/robot_ws/install/imu_node:/opt/ros/foxy /usr/bin/cmake --build /home/rock/robot_ws/build/motor_control -- -j6 -l6
