[01m[K/home/tolasing/ros2_ws/abseil-cpp/absl/synchronization/internal/graphcycles.cc:[m[K In member function â€˜[01m[Kvoid absl::synchronization_internal::GraphCycles::RemoveNode(void*)[m[Kâ€™:
[01m[K/home/tolasing/ros2_ws/abseil-cpp/absl/synchronization/internal/graphcycles.cc:450:26:[m[K [01;31m[Kerror: [m[Kâ€˜[01m[Knumeric_limits[m[Kâ€™ is not a member of â€˜[01m[Kstd[m[Kâ€™
  450 |   if (x->version == std::[01;31m[Knumeric_limits[m[K<uint32_t>::max()) {
      |                          [01;31m[K^~~~~~~~~~~~~~[m[K
[01m[K/home/tolasing/ros2_ws/abseil-cpp/absl/synchronization/internal/graphcycles.cc:450:49:[m[K [01;31m[Kerror: [m[Kexpected primary-expression before â€˜[01m[K>[m[Kâ€™ token
  450 | = std::numeric_limits<uint32_t[01;31m[K>[m[K::max()) {
      |                               [01;31m[K^[m[K

[01m[K/home/tolasing/ros2_ws/abseil-cpp/absl/synchronization/internal/graphcycles.cc:450:52:[m[K [01;31m[Kerror: [m[Kâ€˜[01m[K::max[m[Kâ€™ has not been declared; did you mean â€˜[01m[Kstd::max[m[Kâ€™?
  450 | = std::numeric_limits<uint32_t>::[01;31m[Kmax[m[K()) {
      |                                  [01;31m[K^~~[m[K
      |                                  [32m[Kstd::max[m[K
In file included from [01m[K/usr/include/c++/11/algorithm:62[m[K,
                 from [01m[K/home/tolasing/ros2_ws/abseil-cpp/absl/synchronization/internal/graphcycles.cc:38[m[K:
[01m[K/usr/include/c++/11/bits/stl_algo.h:3467:5:[m[K [01;36m[Knote: [m[Kâ€˜[01m[Kstd::max[m[Kâ€™ declared here
 3467 |     [01;36m[Kmax[m[K(initializer_list<_Tp> __l, _Compare __comp)
      |     [01;36m[K^~~[m[K
gmake[2]: *** [absl/synchronization/CMakeFiles/graphcycles_internal.dir/build.make:76: absl/synchronization/CMakeFiles/graphcycles_internal.dir/internal/graphcycles.cc.o] Error 1
gmake[1]: *** [CMakeFiles/Makefile2:1034: absl/synchronization/CMakeFiles/graphcycles_internal.dir/all] Error 2
gmake[1]: *** Waiting for unfinished jobs....
gmake: *** [Makefile:136: all] Error 2
