-- The C compiler identification is GNU 11.3.0
-- The CXX compiler identification is GNU 11.3.0
-- Detecting C compiler ABI info
-- Detecting C compiler ABI info - done
-- Check for working C compiler: /usr/bin/cc - skipped
-- Detecting C compile features
-- Detecting C compile features - done
-- Detecting CXX compiler ABI info
-- Detecting CXX compiler ABI info - done
-- Check for working CXX compiler: /usr/bin/c++ - skipped
-- Detecting CXX compile features
-- Detecting CXX compile features - done
-- No CMAKE_CXX_STANDARD set, assuming 11
-- Looking for pthread.h
-- Looking for pthread.h - found
-- Performing Test CMAKE_HAVE_LIBC_PTHREAD
-- Performing Test CMAKE_HAVE_LIBC_PTHREAD - Success
-- Found Threads: TRUE  
-- Configuring done
-- Generating done
-- Build files have been written to: /home/tolasing/ros2_ws/build/absl
[  1%] [32mBuilding CXX object absl/base/CMakeFiles/dynamic_annotations.dir/dynamic_annotations.cc.o[0m
[  2%] [32mBuilding CXX object absl/base/CMakeFiles/spinlock_wait.dir/internal/spinlock_wait.cc.o[0m
[  3%] [32mBuilding CXX object absl/time/CMakeFiles/time_zone.dir/internal/cctz/src/time_zone_fixed.cc.o[0m
[  4%] [32mBuilding CXX object absl/strings/CMakeFiles/strings_internal.dir/internal/ostringstream.cc.o[0m
[  5%] [32mBuilding CXX object absl/numeric/CMakeFiles/int128.dir/int128.cc.o[0m
[  6%] [32mBuilding CXX object absl/debugging/CMakeFiles/leak_check.dir/leak_check.cc.o[0m
[  7%] [32mBuilding CXX object absl/time/CMakeFiles/civil_time.dir/internal/cctz/src/civil_time_detail.cc.o[0m
[  8%] [32mBuilding CXX object absl/debugging/CMakeFiles/leak_check_disable.dir/leak_check_disable.cc.o[0m
[  9%] [32m[1mLinking CXX static library libabsl_leak_check.a[0m
[  9%] [32m[1mLinking CXX static library libabsl_leak_check_disable.a[0m
[ 10%] [32m[1mLinking CXX static library libabsl_dynamic_annotations.a[0m
[ 11%] [32m[1mLinking CXX static library libabsl_spinlock_wait.a[0m
[ 11%] Built target leak_check
[ 11%] Built target dynamic_annotations
[ 11%] Built target leak_check_disable
[ 12%] [32mBuilding CXX object absl/time/CMakeFiles/time_zone.dir/internal/cctz/src/time_zone_format.cc.o[0m
[ 13%] [32mBuilding CXX object absl/hash/CMakeFiles/city.dir/internal/city.cc.o[0m
[ 13%] Built target spinlock_wait
[ 14%] [32mBuilding CXX object absl/strings/CMakeFiles/strings_internal.dir/internal/utf8.cc.o[0m
[ 16%] [32mBuilding CXX object absl/time/CMakeFiles/time_zone.dir/internal/cctz/src/time_zone_if.cc.o[0m
[ 16%] [32mBuilding CXX object absl/base/CMakeFiles/base.dir/internal/cycleclock.cc.o[0m
[ 17%] [32m[1mLinking CXX static library libabsl_strings_internal.a[0m
[ 17%] Built target strings_internal
[ 18%] [32mBuilding CXX object absl/base/CMakeFiles/base.dir/internal/raw_logging.cc.o[0m
[ 19%] [32m[1mLinking CXX static library libabsl_city.a[0m
[ 20%] [32mBuilding CXX object absl/time/CMakeFiles/time_zone.dir/internal/cctz/src/time_zone_info.cc.o[0m
[ 21%] [32mBuilding CXX object absl/time/CMakeFiles/time_zone.dir/internal/cctz/src/time_zone_impl.cc.o[0m
[ 21%] Built target city
[ 22%] [32mBuilding CXX object absl/time/CMakeFiles/time_zone.dir/internal/cctz/src/time_zone_libc.cc.o[0m
[ 23%] [32m[1mLinking CXX static library libabsl_civil_time.a[0m
[ 24%] [32m[1mLinking CXX static library libabsl_int128.a[0m
[ 24%] Built target civil_time
[ 25%] [32mBuilding CXX object absl/time/CMakeFiles/time_zone.dir/internal/cctz/src/time_zone_lookup.cc.o[0m
[ 25%] Built target int128
[ 26%] [32mBuilding CXX object absl/time/CMakeFiles/time_zone.dir/internal/cctz/src/time_zone_posix.cc.o[0m
[ 27%] [32mBuilding CXX object absl/base/CMakeFiles/base.dir/internal/spinlock.cc.o[0m
[ 28%] [32mBuilding CXX object absl/time/CMakeFiles/time_zone.dir/internal/cctz/src/zone_info_source.cc.o[0m
[ 29%] [32mBuilding CXX object absl/base/CMakeFiles/base.dir/internal/sysinfo.cc.o[0m
[ 30%] [32mBuilding CXX object absl/base/CMakeFiles/base.dir/internal/thread_identity.cc.o[0m
[ 31%] [32mBuilding CXX object absl/base/CMakeFiles/base.dir/internal/unscaledcycleclock.cc.o[0m
[ 32%] [32mBuilding CXX object absl/base/CMakeFiles/base.dir/log_severity.cc.o[0m
[ 33%] [32m[1mLinking CXX static library libabsl_base.a[0m
[ 33%] Built target base
[ 34%] [32mBuilding CXX object absl/base/CMakeFiles/throw_delegate.dir/internal/throw_delegate.cc.o[0m
[ 37%] [32mBuilding CXX object absl/debugging/CMakeFiles/demangle_internal.dir/internal/demangle.cc.o[0m
[ 37%] [32mBuilding CXX object absl/base/CMakeFiles/scoped_set_env.dir/internal/scoped_set_env.cc.o[0m
[ 37%] [32mBuilding CXX object absl/base/CMakeFiles/malloc_internal.dir/internal/low_level_alloc.cc.o[0m
[ 38%] [32mBuilding CXX object absl/debugging/CMakeFiles/debugging_internal.dir/internal/address_is_readable.cc.o[0m
[ 39%] [32mBuilding CXX object absl/types/CMakeFiles/bad_optional_access.dir/bad_optional_access.cc.o[0m
[ 40%] [32mBuilding CXX object absl/types/CMakeFiles/bad_variant_access.dir/bad_variant_access.cc.o[0m
[ 41%] [32m[1mLinking CXX static library libabsl_time_zone.a[0m
[ 41%] Built target time_zone
[ 42%] [32m[1mLinking CXX static library libabsl_demangle_internal.a[0m
[ 42%] [32mBuilding CXX object absl/types/CMakeFiles/bad_any_cast_impl.dir/bad_any_cast.cc.o[0m
[ 43%] [32m[1mLinking CXX static library libabsl_bad_variant_access.a[0m
[ 44%] [32m[1mLinking CXX static library libabsl_bad_optional_access.a[0m
[ 45%] [32mBuilding CXX object absl/debugging/CMakeFiles/debugging_internal.dir/internal/elf_mem_image.cc.o[0m
[ 46%] [32m[1mLinking CXX static library libabsl_scoped_set_env.a[0m
[ 46%] Built target demangle_internal
[ 47%] [32mBuilding CXX object absl/debugging/CMakeFiles/debugging_internal.dir/internal/vdso_support.cc.o[0m
[ 48%] [32m[1mLinking CXX static library libabsl_throw_delegate.a[0m
[ 48%] Built target bad_optional_access
[ 48%] Built target bad_variant_access
[ 49%] [32m[1mLinking CXX static library libabsl_malloc_internal.a[0m
[ 49%] Built target scoped_set_env
[ 49%] Built target throw_delegate
[ 51%] [32mBuilding CXX object absl/strings/CMakeFiles/strings.dir/charconv.cc.o[0m
[ 51%] Built target malloc_internal
[ 51%] [32mBuilding CXX object absl/strings/CMakeFiles/strings.dir/ascii.cc.o[0m
[ 52%] [32mBuilding CXX object absl/strings/CMakeFiles/strings.dir/escaping.cc.o[0m
[ 52%] [32mBuilding CXX object absl/strings/CMakeFiles/strings.dir/internal/charconv_bigint.cc.o[0m
[ 53%] [32mBuilding CXX object absl/synchronization/CMakeFiles/graphcycles_internal.dir/internal/graphcycles.cc.o[0m
[ 54%] [32m[1mLinking CXX static library libabsl_bad_any_cast_impl.a[0m
[ 54%] Built target bad_any_cast_impl
[ 55%] [32mBuilding CXX object absl/strings/CMakeFiles/strings.dir/internal/charconv_parse.cc.o[0m
[ 55%] [32m[1mLinking CXX static library libabsl_debugging_internal.a[0m
[ 56%] [32mBuilding CXX object absl/strings/CMakeFiles/strings.dir/internal/memutil.cc.o[0m
[01m[K/home/tolasing/ros2_ws/abseil-cpp/absl/synchronization/internal/graphcycles.cc:[m[K In member function â€˜[01m[Kvoid absl::synchronization_internal::GraphCycles::RemoveNode(void*)[m[Kâ€™:
[01m[K/home/tolasing/ros2_ws/abseil-cpp/absl/synchronization/internal/graphcycles.cc:450:26:[m[K [01;31m[Kerror: [m[Kâ€˜[01m[Knumeric_limits[m[Kâ€™ is not a member of â€˜[01m[Kstd[m[Kâ€™
  450 |   if (x->version == std::[01;31m[Knumeric_limits[m[K<uint32_t>::max()) {
      |                          [01;31m[K^~~~~~~~~~~~~~[m[K
[01m[K/home/tolasing/ros2_ws/abseil-cpp/absl/synchronization/internal/graphcycles.cc:450:49:[m[K [01;31m[Kerror: [m[Kexpected primary-expression before â€˜[01m[K>[m[Kâ€™ token
  450 | = std::numeric_limits<uint32_t[01;31m[K>[m[K::max()) {
      |                               [01;31m[K^[m[K

[01m[K/home/tolasing/ros2_ws/abseil-cpp/absl/synchronization/internal/graphcycles.cc:450:52:[m[K [01;31m[Kerror: [m[Kâ€˜[01m[K::max[m[Kâ€™ has not been declared; did you mean â€˜[01m[Kstd::max[m[Kâ€™?
  450 | = std::numeric_limits<uint32_t>::[01;31m[Kmax[m[K()) {
      |                                  [01;31m[K^~~[m[K
      |                                  [32m[Kstd::max[m[K
In file included from [01m[K/usr/include/c++/11/algorithm:62[m[K,
                 from [01m[K/home/tolasing/ros2_ws/abseil-cpp/absl/synchronization/internal/graphcycles.cc:38[m[K:
[01m[K/usr/include/c++/11/bits/stl_algo.h:3467:5:[m[K [01;36m[Knote: [m[Kâ€˜[01m[Kstd::max[m[Kâ€™ declared here
 3467 |     [01;36m[Kmax[m[K(initializer_list<_Tp> __l, _Compare __comp)
      |     [01;36m[K^~~[m[K
[ 56%] Built target debugging_internal
gmake[2]: *** [absl/synchronization/CMakeFiles/graphcycles_internal.dir/build.make:76: absl/synchronization/CMakeFiles/graphcycles_internal.dir/internal/graphcycles.cc.o] Error 1
gmake[1]: *** [CMakeFiles/Makefile2:1034: absl/synchronization/CMakeFiles/graphcycles_internal.dir/all] Error 2
gmake[1]: *** Waiting for unfinished jobs....
[ 57%] [32mBuilding CXX object absl/strings/CMakeFiles/strings.dir/numbers.cc.o[0m
[ 58%] [32mBuilding CXX object absl/strings/CMakeFiles/strings.dir/match.cc.o[0m
[ 59%] [32mBuilding CXX object absl/debugging/CMakeFiles/stacktrace.dir/stacktrace.cc.o[0m
[ 60%] [32mBuilding CXX object absl/strings/CMakeFiles/strings.dir/str_cat.cc.o[0m
[ 61%] [32mBuilding CXX object absl/strings/CMakeFiles/strings.dir/str_replace.cc.o[0m
[ 62%] [32mBuilding CXX object absl/strings/CMakeFiles/strings.dir/str_split.cc.o[0m
[ 63%] [32mBuilding CXX object absl/strings/CMakeFiles/strings.dir/string_view.cc.o[0m
[ 64%] [32m[1mLinking CXX static library libabsl_stacktrace.a[0m
[ 65%] [32mBuilding CXX object absl/strings/CMakeFiles/strings.dir/substitute.cc.o[0m
[ 65%] Built target stacktrace
[ 66%] [32m[1mLinking CXX static library libabsl_strings.a[0m
[ 66%] Built target strings
gmake: *** [Makefile:136: all] Error 2
