[0.000000] (-) TimerEvent: {}
[0.001231] (-) JobUnselected: {'identifier': 'imu_hw'}
[0.001666] (-) JobUnselected: {'identifier': 'imu_node'}
[0.002838] (-) JobUnselected: {'identifier': 'prototype'}
[0.003827] (-) JobUnselected: {'identifier': 'serial'}
[0.003996] (motor_control) JobQueued: {'identifier': 'motor_control', 'dependencies': OrderedDict([('serial', '/home/rock/robot_ws/install/serial')])}
[0.004132] (motor_control) JobStarted: {'identifier': 'motor_control'}
[0.063608] (motor_control) JobProgress: {'identifier': 'motor_control', 'progress': 'cmake'}
[0.064632] (motor_control) Command: {'cmd': ['/usr/bin/cmake', '/home/rock/robot_ws/src/motor_control', '-DCMAKE_INSTALL_PREFIX=/home/rock/robot_ws/install/motor_control'], 'cwd': '/home/rock/robot_ws/build/motor_control', 'env': OrderedDict([('USER', 'rock'), ('SSH_CLIENT', '192.168.29.105 51450 22'), ('XDG_SESSION_TYPE', 'tty'), ('GIT_ASKPASS', '/home/rock/.vscode-server/bin/abd2f3db4bdb28f9e95536dfa84d8479f1eb312d/extensions/git/dist/askpass.sh'), ('SHLVL', '2'), ('LD_LIBRARY_PATH', '/home/rock/robot_ws/install/serial/lib:/opt/ros/foxy/opt/rviz_ogre_vendor/lib:/opt/ros/foxy/opt/yaml_cpp_vendor/lib:/opt/ros/foxy/lib/aarch64-linux-gnu:/opt/ros/foxy/lib'), ('BROWSER', '/home/rock/.vscode-server/bin/abd2f3db4bdb28f9e95536dfa84d8479f1eb312d/bin/helpers/browser.sh'), ('MOTD_SHOWN', 'pam'), ('HOME', '/home/rock'), ('OLDPWD', '/home/rock/robot_ws/src'), ('TERM_PROGRAM_VERSION', '1.82.2'), ('VSCODE_IPC_HOOK_CLI', '/run/user/1000/vscode-ipc-de38a85a-e1ea-495d-860b-b108ccd919ae.sock'), ('ROS_PYTHON_VERSION', '3'), ('VSCODE_GIT_ASKPASS_MAIN', '/home/rock/.vscode-server/bin/abd2f3db4bdb28f9e95536dfa84d8479f1eb312d/extensions/git/dist/askpass-main.js'), ('VSCODE_GIT_ASKPASS_NODE', '/home/rock/.vscode-server/bin/abd2f3db4bdb28f9e95536dfa84d8479f1eb312d/node'), ('DBUS_SESSION_BUS_ADDRESS', 'unix:path=/run/user/1000/bus'), ('COLORTERM', 'truecolor'), ('COLCON_PREFIX_PATH', '/home/rock/robot_ws/install'), ('ROS_DISTRO', 'foxy'), ('LOGNAME', 'rock'), ('_', '/usr/bin/colcon'), ('ROS_VERSION', '2'), ('XDG_SESSION_CLASS', 'user'), ('TERM', 'xterm-256color'), ('XDG_SESSION_ID', 'c1'), ('ROS_LOCALHOST_ONLY', '0'), ('PATH', '/opt/ros/foxy/bin:/home/rock/.vscode-server/bin/abd2f3db4bdb28f9e95536dfa84d8479f1eb312d/bin/remote-cli:/usr/local/sbin:/usr/local/bin:/usr/sbin:/usr/bin:/sbin:/bin:/usr/games:/usr/local/games:/snap/bin'), ('XDG_RUNTIME_DIR', '/run/user/1000'), ('LANG', 'en_US.UTF-8'), ('VSCODE_GIT_IPC_HANDLE', '/run/user/1000/vscode-git-9cf3c58726.sock'), ('TERM_PROGRAM', 'vscode'), ('AMENT_PREFIX_PATH', '/home/rock/robot_ws/install/imu_node:/home/rock/robot_ws/install/serial:/opt/ros/foxy'), ('SHELL', '/bin/bash'), ('VSCODE_GIT_ASKPASS_EXTRA_ARGS', ''), ('PWD', '/home/rock/robot_ws/build/motor_control'), ('LC_ALL', 'en_US.UTF-8'), ('SSH_CONNECTION', '192.168.29.105 51450 192.168.29.237 22'), ('PYTHONPATH', '/opt/ros/foxy/lib/python3.8/site-packages'), ('COLCON', '1'), ('CMAKE_PREFIX_PATH', '/home/rock/robot_ws/install/serial:/home/rock/robot_ws/install/imu_node:/opt/ros/foxy')]), 'shell': False}
[0.098648] (-) TimerEvent: {}
[0.199955] (-) TimerEvent: {}
[0.264990] (motor_control) StdoutLine: {'line': b'-- The C compiler identification is GNU 9.4.0\n'}
[0.300159] (-) TimerEvent: {}
[0.401106] (-) TimerEvent: {}
[0.465747] (motor_control) StdoutLine: {'line': b'-- The CXX compiler identification is GNU 9.4.0\n'}
[0.491888] (motor_control) StdoutLine: {'line': b'-- Check for working C compiler: /usr/bin/cc\n'}
[0.502862] (-) TimerEvent: {}
[0.604029] (-) TimerEvent: {}
[0.705672] (-) TimerEvent: {}
[0.732060] (motor_control) StdoutLine: {'line': b'-- Check for working C compiler: /usr/bin/cc -- works\n'}
[0.735807] (motor_control) StdoutLine: {'line': b'-- Detecting C compiler ABI info\n'}
[0.805883] (-) TimerEvent: {}
[0.906756] (-) TimerEvent: {}
[0.969096] (motor_control) StdoutLine: {'line': b'-- Detecting C compiler ABI info - done\n'}
[1.006904] (-) TimerEvent: {}
[1.012465] (motor_control) StdoutLine: {'line': b'-- Detecting C compile features\n'}
[1.014847] (motor_control) StdoutLine: {'line': b'-- Detecting C compile features - done\n'}
[1.023345] (motor_control) StdoutLine: {'line': b'-- Check for working CXX compiler: /usr/bin/c++\n'}
[1.107349] (-) TimerEvent: {}
[1.209262] (-) TimerEvent: {}
[1.296240] (motor_control) StdoutLine: {'line': b'-- Check for working CXX compiler: /usr/bin/c++ -- works\n'}
[1.298597] (motor_control) StdoutLine: {'line': b'-- Detecting CXX compiler ABI info\n'}
[1.309754] (-) TimerEvent: {}
[1.414796] (-) TimerEvent: {}
[1.517167] (-) TimerEvent: {}
[1.570607] (motor_control) StdoutLine: {'line': b'-- Detecting CXX compiler ABI info - done\n'}
[1.617724] (-) TimerEvent: {}
[1.619748] (motor_control) StdoutLine: {'line': b'-- Detecting CXX compile features\n'}
[1.622211] (motor_control) StdoutLine: {'line': b'-- Detecting CXX compile features - done\n'}
[1.629060] (motor_control) StdoutLine: {'line': b'-- Found ament_cmake: 0.9.12 (/opt/ros/foxy/share/ament_cmake/cmake)\n'}
[1.695145] (motor_control) StdoutLine: {'line': b'-- Found PythonInterp: /usr/bin/python3 (found suitable version "3.8.10", minimum required is "3") \n'}
[1.697266] (motor_control) StdoutLine: {'line': b'-- Using PYTHON_EXECUTABLE: /usr/bin/python3\n'}
[1.717848] (-) TimerEvent: {}
[1.818866] (-) TimerEvent: {}
[1.919720] (-) TimerEvent: {}
[2.020544] (-) TimerEvent: {}
[2.121228] (-) TimerEvent: {}
[2.221947] (-) TimerEvent: {}
[2.322677] (-) TimerEvent: {}
[2.342983] (motor_control) StdoutLine: {'line': b'-- Found hardware_interface: 0.11.0 (/opt/ros/foxy/share/hardware_interface/cmake)\n'}
[2.423217] (-) TimerEvent: {}
[2.431135] (motor_control) StdoutLine: {'line': b'-- Using all available rosidl_typesupport_c: rosidl_typesupport_fastrtps_c;rosidl_typesupport_introspection_c\n'}
[2.450081] (motor_control) StdoutLine: {'line': b'-- Found rosidl_adapter: 1.3.1 (/opt/ros/foxy/share/rosidl_adapter/cmake)\n'}
[2.523334] (-) TimerEvent: {}
[2.624895] (-) TimerEvent: {}
[2.658641] (motor_control) StdoutLine: {'line': b'-- Found OpenSSL: /usr/lib/aarch64-linux-gnu/libcrypto.so (found version "1.1.1f")  \n'}
[2.717079] (motor_control) StdoutLine: {'line': b'-- Found FastRTPS: /opt/ros/foxy/include  \n'}
[2.725019] (-) TimerEvent: {}
[2.826492] (-) TimerEvent: {}
[2.927816] (-) TimerEvent: {}
[2.945360] (motor_control) StdoutLine: {'line': b'-- Using all available rosidl_typesupport_cpp: rosidl_typesupport_fastrtps_cpp;rosidl_typesupport_introspection_cpp\n'}
[3.028214] (-) TimerEvent: {}
[3.130849] (-) TimerEvent: {}
[3.233080] (-) TimerEvent: {}
[3.335364] (-) TimerEvent: {}
[3.436970] (-) TimerEvent: {}
[3.539245] (-) TimerEvent: {}
[3.641658] (-) TimerEvent: {}
[3.743758] (-) TimerEvent: {}
[3.846110] (-) TimerEvent: {}
[3.948250] (-) TimerEvent: {}
[4.049801] (-) TimerEvent: {}
[4.152004] (-) TimerEvent: {}
[4.254374] (-) TimerEvent: {}
[4.356814] (-) TimerEvent: {}
[4.459016] (-) TimerEvent: {}
[4.561353] (-) TimerEvent: {}
[4.663797] (-) TimerEvent: {}
[4.766549] (-) TimerEvent: {}
[4.868847] (-) TimerEvent: {}
[4.870607] (motor_control) StdoutLine: {'line': b'-- Found rclcpp: 2.4.3 (/opt/ros/foxy/share/rclcpp/cmake)\n'}
[4.969010] (-) TimerEvent: {}
[5.025493] (motor_control) StdoutLine: {'line': b'-- Found rmw_implementation_cmake: 1.0.4 (/opt/ros/foxy/share/rmw_implementation_cmake/cmake)\n'}
[5.030928] (motor_control) StdoutLine: {'line': b"-- Using RMW implementation 'rmw_fastrtps_cpp' as default\n"}
[5.034328] (motor_control) StdoutLine: {'line': b'-- Looking for pthread.h\n'}
[5.069213] (-) TimerEvent: {}
[5.170015] (-) TimerEvent: {}
[5.271752] (-) TimerEvent: {}
[5.301025] (motor_control) StdoutLine: {'line': b'-- Looking for pthread.h - found\n'}
[5.303649] (motor_control) StdoutLine: {'line': b'-- Performing Test CMAKE_HAVE_LIBC_PTHREAD\n'}
[5.372891] (-) TimerEvent: {}
[5.474511] (-) TimerEvent: {}
[5.576210] (-) TimerEvent: {}
[5.654751] (motor_control) StdoutLine: {'line': b'-- Performing Test CMAKE_HAVE_LIBC_PTHREAD - Failed\n'}
[5.657793] (motor_control) StdoutLine: {'line': b'-- Looking for pthread_create in pthreads\n'}
[5.676494] (-) TimerEvent: {}
[5.777444] (-) TimerEvent: {}
[5.878668] (-) TimerEvent: {}
[5.889937] (motor_control) StdoutLine: {'line': b'-- Looking for pthread_create in pthreads - not found\n'}
[5.892475] (motor_control) StdoutLine: {'line': b'-- Looking for pthread_create in pthread\n'}
[5.979043] (-) TimerEvent: {}
[6.080709] (-) TimerEvent: {}
[6.182719] (-) TimerEvent: {}
[6.221071] (motor_control) StdoutLine: {'line': b'-- Looking for pthread_create in pthread - found\n'}
[6.224817] (motor_control) StdoutLine: {'line': b'-- Found Threads: TRUE  \n'}
[6.283065] (-) TimerEvent: {}
[6.385655] (-) TimerEvent: {}
[6.487810] (-) TimerEvent: {}
[6.590044] (-) TimerEvent: {}
[6.692129] (-) TimerEvent: {}
[6.776435] (motor_control) StdoutLine: {'line': b'-- Found rclcpp_lifecycle: 2.4.3 (/opt/ros/foxy/share/rclcpp_lifecycle/cmake)\n'}
[6.792301] (-) TimerEvent: {}
[6.887619] (motor_control) StdoutLine: {'line': b'-- Found serial: 1.2.1 (/home/rock/robot_ws/install/serial/share/serial/cmake)\n'}
[6.892561] (-) TimerEvent: {}
[6.941115] (motor_control) StdoutLine: {'line': b'-- Found ament_cmake_gtest: 0.9.12 (/opt/ros/foxy/share/ament_cmake_gtest/cmake)\n'}
[6.992741] (-) TimerEvent: {}
[7.094363] (-) TimerEvent: {}
[7.195760] (motor_control) StdoutLine: {'line': b'-- Configuring done\n'}
[7.196317] (-) TimerEvent: {}
[7.280493] (motor_control) StdoutLine: {'line': b'-- Generating done\n'}
[7.286953] (motor_control) StdoutLine: {'line': b'-- Build files have been written to: /home/rock/robot_ws/build/motor_control\n'}
[7.296780] (-) TimerEvent: {}
[7.329316] (motor_control) CommandEnded: {'returncode': 0}
[7.340498] (motor_control) JobProgress: {'identifier': 'motor_control', 'progress': 'build'}
[7.341599] (motor_control) Command: {'cmd': ['/usr/bin/cmake', '--build', '/home/rock/robot_ws/build/motor_control', '--', '-j6', '-l6'], 'cwd': '/home/rock/robot_ws/build/motor_control', 'env': OrderedDict([('USER', 'rock'), ('SSH_CLIENT', '192.168.29.105 51450 22'), ('XDG_SESSION_TYPE', 'tty'), ('GIT_ASKPASS', '/home/rock/.vscode-server/bin/abd2f3db4bdb28f9e95536dfa84d8479f1eb312d/extensions/git/dist/askpass.sh'), ('SHLVL', '2'), ('LD_LIBRARY_PATH', '/home/rock/robot_ws/install/serial/lib:/opt/ros/foxy/opt/rviz_ogre_vendor/lib:/opt/ros/foxy/opt/yaml_cpp_vendor/lib:/opt/ros/foxy/lib/aarch64-linux-gnu:/opt/ros/foxy/lib'), ('BROWSER', '/home/rock/.vscode-server/bin/abd2f3db4bdb28f9e95536dfa84d8479f1eb312d/bin/helpers/browser.sh'), ('MOTD_SHOWN', 'pam'), ('HOME', '/home/rock'), ('OLDPWD', '/home/rock/robot_ws/src'), ('TERM_PROGRAM_VERSION', '1.82.2'), ('VSCODE_IPC_HOOK_CLI', '/run/user/1000/vscode-ipc-de38a85a-e1ea-495d-860b-b108ccd919ae.sock'), ('ROS_PYTHON_VERSION', '3'), ('VSCODE_GIT_ASKPASS_MAIN', '/home/rock/.vscode-server/bin/abd2f3db4bdb28f9e95536dfa84d8479f1eb312d/extensions/git/dist/askpass-main.js'), ('VSCODE_GIT_ASKPASS_NODE', '/home/rock/.vscode-server/bin/abd2f3db4bdb28f9e95536dfa84d8479f1eb312d/node'), ('DBUS_SESSION_BUS_ADDRESS', 'unix:path=/run/user/1000/bus'), ('COLORTERM', 'truecolor'), ('COLCON_PREFIX_PATH', '/home/rock/robot_ws/install'), ('ROS_DISTRO', 'foxy'), ('LOGNAME', 'rock'), ('_', '/usr/bin/colcon'), ('ROS_VERSION', '2'), ('XDG_SESSION_CLASS', 'user'), ('TERM', 'xterm-256color'), ('XDG_SESSION_ID', 'c1'), ('ROS_LOCALHOST_ONLY', '0'), ('PATH', '/opt/ros/foxy/bin:/home/rock/.vscode-server/bin/abd2f3db4bdb28f9e95536dfa84d8479f1eb312d/bin/remote-cli:/usr/local/sbin:/usr/local/bin:/usr/sbin:/usr/bin:/sbin:/bin:/usr/games:/usr/local/games:/snap/bin'), ('XDG_RUNTIME_DIR', '/run/user/1000'), ('LANG', 'en_US.UTF-8'), ('VSCODE_GIT_IPC_HANDLE', '/run/user/1000/vscode-git-9cf3c58726.sock'), ('TERM_PROGRAM', 'vscode'), ('AMENT_PREFIX_PATH', '/home/rock/robot_ws/install/imu_node:/home/rock/robot_ws/install/serial:/opt/ros/foxy'), ('SHELL', '/bin/bash'), ('VSCODE_GIT_ASKPASS_EXTRA_ARGS', ''), ('PWD', '/home/rock/robot_ws/build/motor_control'), ('LC_ALL', 'en_US.UTF-8'), ('SSH_CONNECTION', '192.168.29.105 51450 192.168.29.237 22'), ('PYTHONPATH', '/opt/ros/foxy/lib/python3.8/site-packages'), ('COLCON', '1'), ('CMAKE_PREFIX_PATH', '/home/rock/robot_ws/install/serial:/home/rock/robot_ws/install/imu_node:/opt/ros/foxy')]), 'shell': False}
[7.397248] (-) TimerEvent: {}
[7.489153] (motor_control) StdoutLine: {'line': b'\x1b[35m\x1b[1mScanning dependencies of target motor_control\x1b[0m\n'}
[7.497304] (-) TimerEvent: {}
[7.599794] (-) TimerEvent: {}
[7.648303] (motor_control) StdoutLine: {'line': b'[ 25%] \x1b[32mBuilding CXX object CMakeFiles/motor_control.dir/src/comms.cpp.o\x1b[0m\n'}
[7.671660] (motor_control) StdoutLine: {'line': b'[ 50%] \x1b[32mBuilding CXX object CMakeFiles/motor_control.dir/src/motor_interface.cpp.o\x1b[0m\n'}
[7.674485] (motor_control) StdoutLine: {'line': b'[ 75%] \x1b[32mBuilding CXX object CMakeFiles/motor_control.dir/src/wheel.cpp.o\x1b[0m\n'}
[7.679831] (motor_control) StderrLine: {'line': b'In file included from \x1b[01m\x1b[K/home/rock/robot_ws/src/motor_control/src/comms.cpp:1\x1b[m\x1b[K:\n'}
[7.681802] (motor_control) StderrLine: {'line': b'\x1b[01m\x1b[K/home/rock/robot_ws/src/motor_control/include/motor_control/comms.h:4:10:\x1b[m\x1b[K \x1b[01;31m\x1b[Kfatal error: \x1b[m\x1b[Kserial/serial.h: No such file or directory\n'}
[7.684603] (motor_control) StderrLine: {'line': b'    4 | #include \x1b[01;31m\x1b[K<serial/serial.h>\x1b[m\x1b[K\n'}
[7.686647] (motor_control) StderrLine: {'line': b'      |          \x1b[01;31m\x1b[K^~~~~~~~~~~~~~~~~\x1b[m\x1b[K\n'}
[7.688791] (motor_control) StderrLine: {'line': b'compilation terminated.\n'}
[7.690130] (motor_control) StderrLine: {'line': b'make[2]: *** [CMakeFiles/motor_control.dir/build.make:76: CMakeFiles/motor_control.dir/src/comms.cpp.o] Error 1\n'}
[7.691317] (motor_control) StderrLine: {'line': b'make[2]: *** Waiting for unfinished jobs....\n'}
[7.700097] (-) TimerEvent: {}
[7.801668] (-) TimerEvent: {}
[7.903263] (-) TimerEvent: {}
[7.964987] (motor_control) StderrLine: {'line': b'In file included from \x1b[01m\x1b[K/home/rock/robot_ws/src/motor_control/include/motor_control/motor_interface.hpp:18\x1b[m\x1b[K,\n'}
[7.967018] (motor_control) StderrLine: {'line': b'                 from \x1b[01m\x1b[K/home/rock/robot_ws/src/motor_control/src/motor_interface.cpp:1\x1b[m\x1b[K:\n'}
[7.969226] (motor_control) StderrLine: {'line': b'\x1b[01m\x1b[K/home/rock/robot_ws/src/motor_control/include/motor_control/comms.h:4:10:\x1b[m\x1b[K \x1b[01;31m\x1b[Kfatal error: \x1b[m\x1b[Kserial/serial.h: No such file or directory\n'}
[7.971149] (motor_control) StderrLine: {'line': b'    4 | #include \x1b[01;31m\x1b[K<serial/serial.h>\x1b[m\x1b[K\n'}
[7.973627] (motor_control) StderrLine: {'line': b'      |          \x1b[01;31m\x1b[K^~~~~~~~~~~~~~~~~\x1b[m\x1b[K\n'}
[7.975263] (motor_control) StderrLine: {'line': b'compilation terminated.\n'}
[7.975884] (motor_control) StderrLine: {'line': b'make[2]: *** [CMakeFiles/motor_control.dir/build.make:63: CMakeFiles/motor_control.dir/src/motor_interface.cpp.o] Error 1\n'}
[8.003543] (-) TimerEvent: {}
[8.104470] (-) TimerEvent: {}
[8.205544] (-) TimerEvent: {}
[8.306450] (-) TimerEvent: {}
[8.407319] (-) TimerEvent: {}
[8.445153] (motor_control) StderrLine: {'line': b'make[1]: *** [CMakeFiles/Makefile2:105: CMakeFiles/motor_control.dir/all] Error 2\n'}
[8.448242] (motor_control) StderrLine: {'line': b'make: *** [Makefile:141: all] Error 2\n'}
[8.458110] (motor_control) CommandEnded: {'returncode': 2}
[8.507896] (-) TimerEvent: {}
[8.612422] (-) TimerEvent: {}
[8.676945] (motor_control) JobEnded: {'identifier': 'motor_control', 'rc': 2}
[8.690427] (-) EventReactorShutdown: {}
