[  2%] Built target dynamic_annotations
[  4%] Built target spinlock_wait
[  9%] Built target int128
[ 16%] Built target time_zone
[ 19%] Built target strings_internal
[ 21%] Built target leak_check
[ 23%] Built target civil_time
[ 24%] Built target leak_check_disable
[ 26%] Built target city
[ 34%] Built target base
[ 38%] Built target malloc_internal
[ 38%] Built target scoped_set_env
[ 41%] Built target debugging_internal
[ 43%] Built target throw_delegate
[ 45%] Built target demangle_internal
[ 46%] Built target bad_any_cast_impl
[ 48%] Built target bad_variant_access
[35m[1mConsolidate compiler generated dependencies of target graphcycles_internal[0m
[ 50%] Built target bad_optional_access
[35m[1mConsolidate compiler generated dependencies of target symbolize[0m
[ 52%] Built target stacktrace
[ 53%] [32mBuilding CXX object absl/synchronization/CMakeFiles/graphcycles_internal.dir/internal/graphcycles.cc.o[0m
[ 55%] Built target symbolize
[ 68%] Built target strings
[ 69%] [32mBuilding CXX object absl/debugging/CMakeFiles/examine_stack.dir/internal/examine_stack.cc.o[0m
[35m[1mConsolidate compiler generated dependencies of target hash[0m
[35m[1mConsolidate compiler generated dependencies of target str_format_internal[0m
[35m[1mConsolidate compiler generated dependencies of target time[0m
[ 71%] Built target hash
[ 84%] Built target str_format_internal
[ 84%] Built target time
[01m[K/home/tolasing/ros2_ws/abseil-cpp/absl/synchronization/internal/graphcycles.cc:[m[K In member function â€˜[01m[Kvoid absl::synchronization_internal::GraphCycles::RemoveNode(void*)[m[Kâ€™:
[01m[K/home/tolasing/ros2_ws/abseil-cpp/absl/synchronization/internal/graphcycles.cc:450:26:[m[K [01;31m[Kerror: [m[Kâ€˜[01m[Knumeric_limits[m[Kâ€™ is not a member of â€˜[01m[Kstd[m[Kâ€™
  450 |   if (x->version == std::[01;31m[Knumeric_limits[m[K<uint32_t>::max()) {
      |                          [01;31m[K^~~~~~~~~~~~~~[m[K
[01m[K/home/tolasing/ros2_ws/abseil-cpp/absl/synchronization/internal/graphcycles.cc:450:49:[m[K [01;31m[Kerror: [m[Kexpected primary-expression before â€˜[01m[K>[m[Kâ€™ token
  450 |   if (x->version == std::numeric_limits<uint32_t[01;31m[K>[m[K::max()) {
      |                                                 [01;31m[K^[m[K
[01m[K/home/tolasing/ros2_ws/abseil-cpp/absl/synchronization/internal/graphcycles.cc:450:52:[m[K [01;31m[Kerror: [m[Kâ€˜[01m[K::max[m[Kâ€™ has not been declared; did you mean â€˜[01m[Kstd::max[m[Kâ€™?
  450 |   if (x->version == std::numeric_limits<uint32_t>::[01;31m[Kmax[m[K()) {
      |                                                    [01;31m[K^~~[m[K
      |                                                    [32m[Kstd::max[m[K
In file included from [01m[K/usr/include/c++/11/algorithm:62[m[K,
                 from [01m[K/home/tolasing/ros2_ws/abseil-cpp/absl/synchronization/internal/graphcycles.cc:38[m[K:
[01m[K/usr/include/c++/11/bits/stl_algo.h:3467:5:[m[K [01;36m[Knote: [m[Kâ€˜[01m[Kstd::max[m[Kâ€™ declared here
 3467 |     [01;36m[Kmax[m[K(initializer_list<_Tp> __l, _Compare __comp)
      |     [01;36m[K^~~[m[K
gmake[2]: *** [absl/synchronization/CMakeFiles/graphcycles_internal.dir/build.make:76: absl/synchronization/CMakeFiles/graphcycles_internal.dir/internal/graphcycles.cc.o] Error 1
gmake[1]: *** [CMakeFiles/Makefile2:1034: absl/synchronization/CMakeFiles/graphcycles_internal.dir/all] Error 2
gmake[1]: *** Waiting for unfinished jobs....
[ 85%] [32m[1mLinking CXX static library libabsl_examine_stack.a[0m
[ 85%] Built target examine_stack
gmake: *** [Makefile:136: all] Error 2
