[0.110s] Invoking command in '/home/tolasing/ros2_ws/build/absl': /usr/bin/cmake --build /home/tolasing/ros2_ws/build/absl -- -j8 -l8
[0.802s] [  2%] Built target dynamic_annotations
[0.802s] [  4%] Built target spinlock_wait
[0.802s] [  9%] Built target int128
[0.803s] [ 16%] Built target time_zone
[0.803s] [ 19%] Built target strings_internal
[0.803s] [ 21%] Built target leak_check
[0.803s] [ 23%] Built target civil_time
[0.803s] [ 24%] Built target leak_check_disable
[0.803s] [ 26%] Built target city
[0.804s] [ 34%] Built target base
[0.804s] [ 38%] Built target malloc_internal
[0.804s] [ 38%] Built target scoped_set_env
[0.804s] [ 41%] Built target debugging_internal
[0.804s] [ 43%] Built target throw_delegate
[0.804s] [ 45%] Built target demangle_internal
[0.805s] [ 46%] Built target bad_any_cast_impl
[0.805s] [ 48%] Built target bad_variant_access
[0.805s] [35m[1mConsolidate compiler generated dependencies of target graphcycles_internal[0m
[0.805s] [ 50%] Built target bad_optional_access
[0.805s] [35m[1mConsolidate compiler generated dependencies of target symbolize[0m
[0.806s] [ 52%] Built target stacktrace
[0.806s] [ 53%] [32mBuilding CXX object absl/synchronization/CMakeFiles/graphcycles_internal.dir/internal/graphcycles.cc.o[0m
[0.806s] [ 55%] Built target symbolize
[0.807s] [ 68%] Built target strings
[0.807s] [ 69%] [32mBuilding CXX object absl/debugging/CMakeFiles/examine_stack.dir/internal/examine_stack.cc.o[0m
[0.807s] [35m[1mConsolidate compiler generated dependencies of target hash[0m
[0.807s] [35m[1mConsolidate compiler generated dependencies of target str_format_internal[0m
[0.807s] [35m[1mConsolidate compiler generated dependencies of target time[0m
[0.807s] [ 71%] Built target hash
[0.807s] [ 84%] Built target str_format_internal
[0.808s] [ 84%] Built target time
[0.867s] [01m[K/home/tolasing/ros2_ws/abseil-cpp/absl/synchronization/internal/graphcycles.cc:[m[K In member function â€˜[01m[Kvoid absl::synchronization_internal::GraphCycles::RemoveNode(void*)[m[Kâ€™:
[0.870s] [01m[K/home/tolasing/ros2_ws/abseil-cpp/absl/synchronization/internal/graphcycles.cc:450:26:[m[K [01;31m[Kerror: [m[Kâ€˜[01m[Knumeric_limits[m[Kâ€™ is not a member of â€˜[01m[Kstd[m[Kâ€™
[0.870s]   450 |   if (x->version == std::[01;31m[Knumeric_limits[m[K<uint32_t>::max()) {
[0.870s]       |                          [01;31m[K^~~~~~~~~~~~~~[m[K
[0.870s] [01m[K/home/tolasing/ros2_ws/abseil-cpp/absl/synchronization/internal/graphcycles.cc:450:49:[m[K [01;31m[Kerror: [m[Kexpected primary-expression before â€˜[01m[K>[m[Kâ€™ token
[0.870s]   450 |   if (x->version == std::numeric_limits<uint32_t[01;31m[K>[m[K::max()) {
[0.871s]       |                                                 [01;31m[K^[m[K
[0.871s] [01m[K/home/tolasing/ros2_ws/abseil-cpp/absl/synchronization/internal/graphcycles.cc:450:52:[m[K [01;31m[Kerror: [m[Kâ€˜[01m[K::max[m[Kâ€™ has not been declared; did you mean â€˜[01m[Kstd::max[m[Kâ€™?
[0.871s]   450 |   if (x->version == std::numeric_limits<uint32_t>::[01;31m[Kmax[m[K()) {
[0.871s]       |                                                    [01;31m[K^~~[m[K
[0.871s]       |                                                    [32m[Kstd::max[m[K
[0.871s] In file included from [01m[K/usr/include/c++/11/algorithm:62[m[K,
[0.872s]                  from [01m[K/home/tolasing/ros2_ws/abseil-cpp/absl/synchronization/internal/graphcycles.cc:38[m[K:
[0.872s] [01m[K/usr/include/c++/11/bits/stl_algo.h:3467:5:[m[K [01;36m[Knote: [m[Kâ€˜[01m[Kstd::max[m[Kâ€™ declared here
[0.872s]  3467 |     [01;36m[Kmax[m[K(initializer_list<_Tp> __l, _Compare __comp)
[0.872s]       |     [01;36m[K^~~[m[K
[0.964s] gmake[2]: *** [absl/synchronization/CMakeFiles/graphcycles_internal.dir/build.make:76: absl/synchronization/CMakeFiles/graphcycles_internal.dir/internal/graphcycles.cc.o] Error 1
[0.964s] gmake[1]: *** [CMakeFiles/Makefile2:1034: absl/synchronization/CMakeFiles/graphcycles_internal.dir/all] Error 2
[0.964s] gmake[1]: *** Waiting for unfinished jobs....
[1.050s] [ 85%] [32m[1mLinking CXX static library libabsl_examine_stack.a[0m
[1.206s] [ 85%] Built target examine_stack
[1.207s] gmake: *** [Makefile:136: all] Error 2
[1.304s] Invoked command in '/home/tolasing/ros2_ws/build/absl' returned '2': /usr/bin/cmake --build /home/tolasing/ros2_ws/build/absl -- -j8 -l8
